<?xml version="1.0" encoding="UTF-8"?>
<!-- Generated by org.testng.reporters.JUnitXMLReporter -->
<testsuite ignored="2" hostname="Muhammads-MacBook-Air-151.local" failures="1" tests="65" name="Surefire test" time="137.147" errors="0" timestamp="2024-09-19T13:41:01 EDT">
  <testcase classname="baseUtil.BaseClass" name="@BeforeMethod initialTest" time="0.002">
    <failure type="java.lang.NullPointerException" message="Cannot invoke &amp;quot;com.aventstack.extentreports.ExtentReports.createTest(String)&amp;quot; because &amp;quot;extentReports&amp;quot; is null">
      <![CDATA[java.lang.NullPointerException: Cannot invoke "com.aventstack.extentreports.ExtentReports.createTest(String)" because "extentReports" is null
at reports.TestManager.createTest(TestManager.java:14)
at baseUtil.BaseClass.initialTest(BaseClass.java:50)
at java.base/java.util.ArrayList.forEach(ArrayList.java:1597)
... Removed 34 stack frames]]>
    </failure>
  </testcase> <!-- @BeforeMethod initialTest -->
  <testcase classname="baseUtil.BaseClass" name="@BeforeMethod setUp" time="0.0">
    <skipped/>
  </testcase> <!-- @BeforeMethod setUp -->
  <testcase classname="baseUtil.BaseClass" name="@AfterMethod afterEachTest" time="0.0">
    <skipped/>
  </testcase> <!-- @AfterMethod afterEachTest -->
  <testcase classname="baseUtil.BaseClass" name="@AfterMethod tearUp" time="0.0">
    <skipped/>
  </testcase> <!-- @AfterMethod tearUp -->
  <testcase classname="baseUtil.BaseClass" name="@BeforeMethod initialTest" time="0.0">
    <skipped/>
  </testcase> <!-- @BeforeMethod initialTest -->
  <testcase classname="baseUtil.BaseClass" name="@BeforeMethod setUp" time="0.0">
    <skipped/>
  </testcase> <!-- @BeforeMethod setUp -->
  <testcase classname="baseUtil.BaseClass" name="@AfterMethod afterEachTest" time="0.0">
    <skipped/>
  </testcase> <!-- @AfterMethod afterEachTest -->
  <testcase classname="baseUtil.BaseClass" name="@AfterMethod tearUp" time="0.0">
    <skipped/>
  </testcase> <!-- @AfterMethod tearUp -->
  <testcase classname="baseUtil.BaseClass" name="@BeforeMethod initialTest" time="0.0">
    <skipped/>
  </testcase> <!-- @BeforeMethod initialTest -->
  <testcase classname="baseUtil.BaseClass" name="@BeforeMethod setUp" time="0.0">
    <skipped/>
  </testcase> <!-- @BeforeMethod setUp -->
  <testcase classname="baseUtil.BaseClass" name="@AfterMethod afterEachTest" time="0.0">
    <skipped/>
  </testcase> <!-- @AfterMethod afterEachTest -->
  <testcase classname="baseUtil.BaseClass" name="@AfterMethod tearUp" time="0.0">
    <skipped/>
  </testcase> <!-- @AfterMethod tearUp -->
  <testcase classname="baseUtil.BaseClass" name="@BeforeMethod initialTest" time="0.0">
    <skipped/>
  </testcase> <!-- @BeforeMethod initialTest -->
  <testcase classname="baseUtil.BaseClass" name="@BeforeMethod setUp" time="0.0">
    <skipped/>
  </testcase> <!-- @BeforeMethod setUp -->
  <testcase classname="baseUtil.BaseClass" name="@AfterMethod afterEachTest" time="0.0">
    <skipped/>
  </testcase> <!-- @AfterMethod afterEachTest -->
  <testcase classname="baseUtil.BaseClass" name="@AfterMethod tearUp" time="0.0">
    <skipped/>
  </testcase> <!-- @AfterMethod tearUp -->
  <testcase classname="baseUtil.BaseClass" name="@BeforeMethod initialTest" time="0.0">
    <skipped/>
  </testcase> <!-- @BeforeMethod initialTest -->
  <testcase classname="baseUtil.BaseClass" name="@BeforeMethod setUp" time="0.0">
    <skipped/>
  </testcase> <!-- @BeforeMethod setUp -->
  <testcase classname="baseUtil.BaseClass" name="@AfterMethod afterEachTest" time="0.0">
    <skipped/>
  </testcase> <!-- @AfterMethod afterEachTest -->
  <testcase classname="baseUtil.BaseClass" name="@AfterMethod tearUp" time="0.0">
    <skipped/>
  </testcase> <!-- @AfterMethod tearUp -->
  <testcase classname="baseUtil.BaseClass" name="@BeforeMethod initialTest" time="0.0">
    <skipped/>
  </testcase> <!-- @BeforeMethod initialTest -->
  <testcase classname="baseUtil.BaseClass" name="@BeforeMethod setUp" time="0.0">
    <skipped/>
  </testcase> <!-- @BeforeMethod setUp -->
  <testcase classname="baseUtil.BaseClass" name="@AfterMethod afterEachTest" time="0.0">
    <skipped/>
  </testcase> <!-- @AfterMethod afterEachTest -->
  <testcase classname="baseUtil.BaseClass" name="@AfterMethod tearUp" time="0.0">
    <skipped/>
  </testcase> <!-- @AfterMethod tearUp -->
  <testcase classname="baseUtil.BaseClass" name="@BeforeMethod initialTest" time="0.0">
    <skipped/>
  </testcase> <!-- @BeforeMethod initialTest -->
  <testcase classname="baseUtil.BaseClass" name="@BeforeMethod setUp" time="0.0">
    <skipped/>
  </testcase> <!-- @BeforeMethod setUp -->
  <testcase classname="baseUtil.BaseClass" name="@AfterMethod afterEachTest" time="0.0">
    <skipped/>
  </testcase> <!-- @AfterMethod afterEachTest -->
  <testcase classname="baseUtil.BaseClass" name="@AfterMethod tearUp" time="0.0">
    <skipped/>
  </testcase> <!-- @AfterMethod tearUp -->
  <testcase classname="baseUtil.BaseClass" name="@BeforeMethod initialTest" time="0.0">
    <skipped/>
  </testcase> <!-- @BeforeMethod initialTest -->
  <testcase classname="baseUtil.BaseClass" name="@BeforeMethod setUp" time="0.0">
    <skipped/>
  </testcase> <!-- @BeforeMethod setUp -->
  <testcase classname="baseUtil.BaseClass" name="@AfterMethod afterEachTest" time="0.0">
    <skipped/>
  </testcase> <!-- @AfterMethod afterEachTest -->
  <testcase classname="baseUtil.BaseClass" name="@AfterMethod tearUp" time="0.0">
    <skipped/>
  </testcase> <!-- @AfterMethod tearUp -->
  <testcase classname="baseUtil.BaseClass" name="@BeforeMethod initialTest" time="0.0">
    <skipped/>
  </testcase> <!-- @BeforeMethod initialTest -->
  <testcase classname="baseUtil.BaseClass" name="@BeforeMethod setUp" time="0.0">
    <skipped/>
  </testcase> <!-- @BeforeMethod setUp -->
  <testcase classname="baseUtil.BaseClass" name="@AfterMethod afterEachTest" time="0.0">
    <skipped/>
  </testcase> <!-- @AfterMethod afterEachTest -->
  <testcase classname="baseUtil.BaseClass" name="@AfterMethod tearUp" time="0.0">
    <skipped/>
  </testcase> <!-- @AfterMethod tearUp -->
  <testcase classname="baseUtil.BaseClass" name="@BeforeMethod initialTest" time="0.0">
    <skipped/>
  </testcase> <!-- @BeforeMethod initialTest -->
  <testcase classname="baseUtil.BaseClass" name="@BeforeMethod setUp" time="0.0">
    <skipped/>
  </testcase> <!-- @BeforeMethod setUp -->
  <testcase classname="baseUtil.BaseClass" name="@AfterMethod afterEachTest" time="0.0">
    <skipped/>
  </testcase> <!-- @AfterMethod afterEachTest -->
  <testcase classname="baseUtil.BaseClass" name="@AfterMethod tearUp" time="0.0">
    <skipped/>
  </testcase> <!-- @AfterMethod tearUp -->
  <testcase classname="baseUtil.BaseClass" name="@BeforeMethod initialTest" time="0.0">
    <skipped/>
  </testcase> <!-- @BeforeMethod initialTest -->
  <testcase classname="baseUtil.BaseClass" name="@BeforeMethod setUp" time="0.0">
    <skipped/>
  </testcase> <!-- @BeforeMethod setUp -->
  <testcase classname="baseUtil.BaseClass" name="@AfterMethod afterEachTest" time="0.0">
    <skipped/>
  </testcase> <!-- @AfterMethod afterEachTest -->
  <testcase classname="baseUtil.BaseClass" name="@AfterMethod tearUp" time="0.0">
    <skipped/>
  </testcase> <!-- @AfterMethod tearUp -->
  <testcase classname="baseUtil.BaseClass" name="@BeforeMethod initialTest" time="0.0">
    <skipped/>
  </testcase> <!-- @BeforeMethod initialTest -->
  <testcase classname="baseUtil.BaseClass" name="@BeforeMethod setUp" time="0.0">
    <skipped/>
  </testcase> <!-- @BeforeMethod setUp -->
  <testcase classname="baseUtil.BaseClass" name="@AfterMethod afterEachTest" time="0.0">
    <skipped/>
  </testcase> <!-- @AfterMethod afterEachTest -->
  <testcase classname="baseUtil.BaseClass" name="@AfterMethod tearUp" time="0.0">
    <skipped/>
  </testcase> <!-- @AfterMethod tearUp -->
  <testcase classname="baseUtil.BaseClass" name="@BeforeMethod initialTest" time="0.0">
    <skipped/>
  </testcase> <!-- @BeforeMethod initialTest -->
  <testcase classname="baseUtil.BaseClass" name="@BeforeMethod setUp" time="0.0">
    <skipped/>
  </testcase> <!-- @BeforeMethod setUp -->
  <testcase classname="baseUtil.BaseClass" name="@AfterMethod afterEachTest" time="0.0">
    <skipped/>
  </testcase> <!-- @AfterMethod afterEachTest -->
  <testcase classname="baseUtil.BaseClass" name="@AfterMethod tearUp" time="0.0">
    <skipped/>
  </testcase> <!-- @AfterMethod tearUp -->
  <testcase classname="baseUtil.BaseClass" name="@BeforeMethod initialTest" time="0.0">
    <skipped/>
  </testcase> <!-- @BeforeMethod initialTest -->
  <testcase classname="baseUtil.BaseClass" name="@BeforeMethod setUp" time="0.0">
    <skipped/>
  </testcase> <!-- @BeforeMethod setUp -->
  <testcase classname="baseUtil.BaseClass" name="@AfterMethod afterEachTest" time="0.0">
    <skipped/>
  </testcase> <!-- @AfterMethod afterEachTest -->
  <testcase classname="baseUtil.BaseClass" name="@AfterMethod tearUp" time="0.0">
    <skipped/>
  </testcase> <!-- @AfterMethod tearUp -->
  <testcase classname="baseUtil.BaseClass" name="@BeforeMethod initialTest" time="0.0">
    <skipped/>
  </testcase> <!-- @BeforeMethod initialTest -->
  <testcase classname="baseUtil.BaseClass" name="@BeforeMethod setUp" time="0.0">
    <skipped/>
  </testcase> <!-- @BeforeMethod setUp -->
  <testcase classname="baseUtil.BaseClass" name="@AfterMethod afterEachTest" time="0.0">
    <skipped/>
  </testcase> <!-- @AfterMethod afterEachTest -->
  <testcase classname="baseUtil.BaseClass" name="@AfterMethod tearUp" time="0.0">
    <skipped/>
  </testcase> <!-- @AfterMethod tearUp -->
  <testcase classname="baseUtil.BaseClass" name="@BeforeMethod initialTest" time="0.0">
    <skipped/>
  </testcase> <!-- @BeforeMethod initialTest -->
  <testcase classname="baseUtil.BaseClass" name="@BeforeMethod setUp" time="0.0">
    <skipped/>
  </testcase> <!-- @BeforeMethod setUp -->
  <testcase classname="baseUtil.BaseClass" name="@AfterMethod afterEachTest" time="0.0">
    <skipped/>
  </testcase> <!-- @AfterMethod afterEachTest -->
  <testcase classname="baseUtil.BaseClass" name="@AfterMethod tearUp" time="0.0">
    <skipped/>
  </testcase> <!-- @AfterMethod tearUp -->
  <testcase classname="baseUtil.BaseClass" name="@BeforeMethod initialTest" time="0.0">
    <skipped/>
  </testcase> <!-- @BeforeMethod initialTest -->
  <testcase classname="baseUtil.BaseClass" name="@BeforeMethod setUp" time="0.0">
    <skipped/>
  </testcase> <!-- @BeforeMethod setUp -->
  <testcase classname="baseUtil.BaseClass" name="@AfterMethod afterEachTest" time="0.0">
    <skipped/>
  </testcase> <!-- @AfterMethod afterEachTest -->
  <testcase classname="baseUtil.BaseClass" name="@AfterMethod tearUp" time="0.0">
    <skipped/>
  </testcase> <!-- @AfterMethod tearUp -->
  <testcase classname="baseUtil.BaseClass" name="@BeforeMethod initialTest" time="0.0">
    <skipped/>
  </testcase> <!-- @BeforeMethod initialTest -->
  <testcase classname="baseUtil.BaseClass" name="@BeforeMethod setUp" time="0.0">
    <skipped/>
  </testcase> <!-- @BeforeMethod setUp -->
  <testcase classname="baseUtil.BaseClass" name="@AfterMethod afterEachTest" time="0.0">
    <skipped/>
  </testcase> <!-- @AfterMethod afterEachTest -->
  <testcase classname="baseUtil.BaseClass" name="@AfterMethod tearUp" time="0.0">
    <skipped/>
  </testcase> <!-- @AfterMethod tearUp -->
  <testcase classname="baseUtil.BaseClass" name="@BeforeMethod initialTest" time="0.0">
    <skipped/>
  </testcase> <!-- @BeforeMethod initialTest -->
  <testcase classname="baseUtil.BaseClass" name="@BeforeMethod setUp" time="0.0">
    <skipped/>
  </testcase> <!-- @BeforeMethod setUp -->
  <testcase classname="baseUtil.BaseClass" name="@AfterMethod afterEachTest" time="0.0">
    <skipped/>
  </testcase> <!-- @AfterMethod afterEachTest -->
  <testcase classname="baseUtil.BaseClass" name="@AfterMethod tearUp" time="0.0">
    <skipped/>
  </testcase> <!-- @AfterMethod tearUp -->
  <testcase classname="baseUtil.BaseClass" name="@BeforeMethod initialTest" time="0.0">
    <skipped/>
  </testcase> <!-- @BeforeMethod initialTest -->
  <testcase classname="baseUtil.BaseClass" name="@BeforeMethod setUp" time="0.0">
    <skipped/>
  </testcase> <!-- @BeforeMethod setUp -->
  <testcase classname="baseUtil.BaseClass" name="@AfterMethod afterEachTest" time="0.0">
    <skipped/>
  </testcase> <!-- @AfterMethod afterEachTest -->
  <testcase classname="baseUtil.BaseClass" name="@AfterMethod tearUp" time="0.0">
    <skipped/>
  </testcase> <!-- @AfterMethod tearUp -->
  <testcase classname="baseUtil.BaseClass" name="@BeforeMethod initialTest" time="0.0">
    <skipped/>
  </testcase> <!-- @BeforeMethod initialTest -->
  <testcase classname="baseUtil.BaseClass" name="@BeforeMethod setUp" time="0.0">
    <skipped/>
  </testcase> <!-- @BeforeMethod setUp -->
  <testcase classname="baseUtil.BaseClass" name="@AfterMethod afterEachTest" time="0.0">
    <skipped/>
  </testcase> <!-- @AfterMethod afterEachTest -->
  <testcase classname="baseUtil.BaseClass" name="@AfterMethod tearUp" time="0.0">
    <skipped/>
  </testcase> <!-- @AfterMethod tearUp -->
  <testcase classname="baseUtil.BaseClass" name="@BeforeMethod initialTest" time="0.0">
    <skipped/>
  </testcase> <!-- @BeforeMethod initialTest -->
  <testcase classname="baseUtil.BaseClass" name="@BeforeMethod setUp" time="0.0">
    <skipped/>
  </testcase> <!-- @BeforeMethod setUp -->
  <testcase classname="baseUtil.BaseClass" name="@AfterMethod afterEachTest" time="0.0">
    <skipped/>
  </testcase> <!-- @AfterMethod afterEachTest -->
  <testcase classname="baseUtil.BaseClass" name="@AfterMethod tearUp" time="0.0">
    <skipped/>
  </testcase> <!-- @AfterMethod tearUp -->
  <testcase classname="baseUtil.BaseClass" name="@BeforeMethod initialTest" time="0.0">
    <skipped/>
  </testcase> <!-- @BeforeMethod initialTest -->
  <testcase classname="baseUtil.BaseClass" name="@BeforeMethod setUp" time="0.0">
    <skipped/>
  </testcase> <!-- @BeforeMethod setUp -->
  <testcase classname="baseUtil.BaseClass" name="@AfterMethod afterEachTest" time="0.0">
    <skipped/>
  </testcase> <!-- @AfterMethod afterEachTest -->
  <testcase classname="baseUtil.BaseClass" name="@AfterMethod tearUp" time="0.0">
    <skipped/>
  </testcase> <!-- @AfterMethod tearUp -->
  <testcase classname="baseUtil.BaseClass" name="@BeforeMethod initialTest" time="0.0">
    <skipped/>
  </testcase> <!-- @BeforeMethod initialTest -->
  <testcase classname="baseUtil.BaseClass" name="@BeforeMethod setUp" time="0.0">
    <skipped/>
  </testcase> <!-- @BeforeMethod setUp -->
  <testcase classname="baseUtil.BaseClass" name="@AfterMethod afterEachTest" time="0.0">
    <skipped/>
  </testcase> <!-- @AfterMethod afterEachTest -->
  <testcase classname="baseUtil.BaseClass" name="@AfterMethod tearUp" time="0.0">
    <skipped/>
  </testcase> <!-- @AfterMethod tearUp -->
  <testcase classname="baseUtil.BaseClass" name="@BeforeMethod initialTest" time="0.0">
    <skipped/>
  </testcase> <!-- @BeforeMethod initialTest -->
  <testcase classname="baseUtil.BaseClass" name="@BeforeMethod setUp" time="0.0">
    <skipped/>
  </testcase> <!-- @BeforeMethod setUp -->
  <testcase classname="baseUtil.BaseClass" name="@AfterMethod afterEachTest" time="0.0">
    <skipped/>
  </testcase> <!-- @AfterMethod afterEachTest -->
  <testcase classname="baseUtil.BaseClass" name="@AfterMethod tearUp" time="0.0">
    <skipped/>
  </testcase> <!-- @AfterMethod tearUp -->
  <testcase classname="baseUtil.BaseClass" name="@BeforeMethod initialTest" time="0.0">
    <skipped/>
  </testcase> <!-- @BeforeMethod initialTest -->
  <testcase classname="baseUtil.BaseClass" name="@BeforeMethod setUp" time="0.0">
    <skipped/>
  </testcase> <!-- @BeforeMethod setUp -->
  <testcase classname="baseUtil.BaseClass" name="@AfterMethod afterEachTest" time="0.0">
    <skipped/>
  </testcase> <!-- @AfterMethod afterEachTest -->
  <testcase classname="baseUtil.BaseClass" name="@AfterMethod tearUp" time="0.0">
    <skipped/>
  </testcase> <!-- @AfterMethod tearUp -->
  <testcase classname="baseUtil.BaseClass" name="@BeforeMethod initialTest" time="0.0">
    <skipped/>
  </testcase> <!-- @BeforeMethod initialTest -->
  <testcase classname="baseUtil.BaseClass" name="@BeforeMethod setUp" time="0.0">
    <skipped/>
  </testcase> <!-- @BeforeMethod setUp -->
  <testcase classname="baseUtil.BaseClass" name="@AfterMethod afterEachTest" time="0.0">
    <skipped/>
  </testcase> <!-- @AfterMethod afterEachTest -->
  <testcase classname="baseUtil.BaseClass" name="@AfterMethod tearUp" time="0.0">
    <skipped/>
  </testcase> <!-- @AfterMethod tearUp -->
  <testcase classname="baseUtil.BaseClass" name="@BeforeMethod initialTest" time="0.0">
    <skipped/>
  </testcase> <!-- @BeforeMethod initialTest -->
  <testcase classname="baseUtil.BaseClass" name="@BeforeMethod setUp" time="0.0">
    <skipped/>
  </testcase> <!-- @BeforeMethod setUp -->
  <testcase classname="baseUtil.BaseClass" name="@AfterMethod afterEachTest" time="0.0">
    <skipped/>
  </testcase> <!-- @AfterMethod afterEachTest -->
  <testcase classname="baseUtil.BaseClass" name="@AfterMethod tearUp" time="0.0">
    <skipped/>
  </testcase> <!-- @AfterMethod tearUp -->
  <testcase classname="baseUtil.BaseClass" name="@BeforeMethod initialTest" time="0.0">
    <skipped/>
  </testcase> <!-- @BeforeMethod initialTest -->
  <testcase classname="baseUtil.BaseClass" name="@BeforeMethod setUp" time="0.0">
    <skipped/>
  </testcase> <!-- @BeforeMethod setUp -->
  <testcase classname="baseUtil.BaseClass" name="@AfterMethod afterEachTest" time="0.0">
    <skipped/>
  </testcase> <!-- @AfterMethod afterEachTest -->
  <testcase classname="baseUtil.BaseClass" name="@AfterMethod tearUp" time="0.0">
    <skipped/>
  </testcase> <!-- @AfterMethod tearUp -->
  <testcase classname="baseUtil.BaseClass" name="@BeforeMethod initialTest" time="0.0">
    <skipped/>
  </testcase> <!-- @BeforeMethod initialTest -->
  <testcase classname="baseUtil.BaseClass" name="@BeforeMethod setUp" time="0.0">
    <skipped/>
  </testcase> <!-- @BeforeMethod setUp -->
  <testcase classname="baseUtil.BaseClass" name="@AfterMethod afterEachTest" time="0.0">
    <skipped/>
  </testcase> <!-- @AfterMethod afterEachTest -->
  <testcase classname="baseUtil.BaseClass" name="@AfterMethod tearUp" time="0.0">
    <skipped/>
  </testcase> <!-- @AfterMethod tearUp -->
  <testcase classname="baseUtil.BaseClass" name="@BeforeMethod initialTest" time="0.0">
    <skipped/>
  </testcase> <!-- @BeforeMethod initialTest -->
  <testcase classname="baseUtil.BaseClass" name="@BeforeMethod setUp" time="0.0">
    <skipped/>
  </testcase> <!-- @BeforeMethod setUp -->
  <testcase classname="baseUtil.BaseClass" name="@AfterMethod afterEachTest" time="0.0">
    <skipped/>
  </testcase> <!-- @AfterMethod afterEachTest -->
  <testcase classname="baseUtil.BaseClass" name="@AfterMethod tearUp" time="0.0">
    <skipped/>
  </testcase> <!-- @AfterMethod tearUp -->
  <testcase classname="baseUtil.BaseClass" name="@BeforeMethod initialTest" time="0.0">
    <skipped/>
  </testcase> <!-- @BeforeMethod initialTest -->
  <testcase classname="baseUtil.BaseClass" name="@BeforeMethod setUp" time="0.0">
    <skipped/>
  </testcase> <!-- @BeforeMethod setUp -->
  <testcase classname="baseUtil.BaseClass" name="@AfterMethod afterEachTest" time="0.0">
    <skipped/>
  </testcase> <!-- @AfterMethod afterEachTest -->
  <testcase classname="baseUtil.BaseClass" name="@AfterMethod tearUp" time="0.0">
    <skipped/>
  </testcase> <!-- @AfterMethod tearUp -->
  <testcase classname="baseUtil.BaseClass" name="@BeforeMethod initialTest" time="0.0">
    <skipped/>
  </testcase> <!-- @BeforeMethod initialTest -->
  <testcase classname="baseUtil.BaseClass" name="@BeforeMethod setUp" time="0.0">
    <skipped/>
  </testcase> <!-- @BeforeMethod setUp -->
  <testcase classname="baseUtil.BaseClass" name="@AfterMethod afterEachTest" time="0.0">
    <skipped/>
  </testcase> <!-- @AfterMethod afterEachTest -->
  <testcase classname="baseUtil.BaseClass" name="@AfterMethod tearUp" time="0.0">
    <skipped/>
  </testcase> <!-- @AfterMethod tearUp -->
  <testcase classname="baseUtil.BaseClass" name="@BeforeMethod initialTest" time="0.0">
    <skipped/>
  </testcase> <!-- @BeforeMethod initialTest -->
  <testcase classname="baseUtil.BaseClass" name="@BeforeMethod setUp" time="0.0">
    <skipped/>
  </testcase> <!-- @BeforeMethod setUp -->
  <testcase classname="baseUtil.BaseClass" name="@AfterMethod afterEachTest" time="0.0">
    <skipped/>
  </testcase> <!-- @AfterMethod afterEachTest -->
  <testcase classname="baseUtil.BaseClass" name="@AfterMethod tearUp" time="0.0">
    <skipped/>
  </testcase> <!-- @AfterMethod tearUp -->
  <testcase classname="baseUtil.BaseClass" name="@BeforeMethod initialTest" time="0.0">
    <skipped/>
  </testcase> <!-- @BeforeMethod initialTest -->
  <testcase classname="baseUtil.BaseClass" name="@BeforeMethod setUp" time="0.0">
    <skipped/>
  </testcase> <!-- @BeforeMethod setUp -->
  <testcase classname="baseUtil.BaseClass" name="@AfterMethod afterEachTest" time="0.0">
    <skipped/>
  </testcase> <!-- @AfterMethod afterEachTest -->
  <testcase classname="baseUtil.BaseClass" name="@AfterMethod tearUp" time="0.0">
    <skipped/>
  </testcase> <!-- @AfterMethod tearUp -->
  <testcase classname="baseUtil.BaseClass" name="@BeforeMethod initialTest" time="0.0">
    <skipped/>
  </testcase> <!-- @BeforeMethod initialTest -->
  <testcase classname="baseUtil.BaseClass" name="@BeforeMethod setUp" time="0.0">
    <skipped/>
  </testcase> <!-- @BeforeMethod setUp -->
  <testcase classname="baseUtil.BaseClass" name="@AfterMethod afterEachTest" time="0.0">
    <skipped/>
  </testcase> <!-- @AfterMethod afterEachTest -->
  <testcase classname="baseUtil.BaseClass" name="@AfterMethod tearUp" time="0.0">
    <skipped/>
  </testcase> <!-- @AfterMethod tearUp -->
  <testcase classname="baseUtil.BaseClass" name="@BeforeMethod initialTest" time="0.0">
    <skipped/>
  </testcase> <!-- @BeforeMethod initialTest -->
  <testcase classname="baseUtil.BaseClass" name="@BeforeMethod setUp" time="0.0">
    <skipped/>
  </testcase> <!-- @BeforeMethod setUp -->
  <testcase classname="baseUtil.BaseClass" name="@AfterMethod afterEachTest" time="0.0">
    <skipped/>
  </testcase> <!-- @AfterMethod afterEachTest -->
  <testcase classname="baseUtil.BaseClass" name="@AfterMethod tearUp" time="0.0">
    <skipped/>
  </testcase> <!-- @AfterMethod tearUp -->
  <testcase classname="baseUtil.BaseClass" name="@BeforeMethod initialTest" time="0.0">
    <skipped/>
  </testcase> <!-- @BeforeMethod initialTest -->
  <testcase classname="baseUtil.BaseClass" name="@BeforeMethod setUp" time="0.0">
    <skipped/>
  </testcase> <!-- @BeforeMethod setUp -->
  <testcase classname="baseUtil.BaseClass" name="@AfterMethod afterEachTest" time="0.0">
    <skipped/>
  </testcase> <!-- @AfterMethod afterEachTest -->
  <testcase classname="baseUtil.BaseClass" name="@AfterMethod tearUp" time="0.0">
    <skipped/>
  </testcase> <!-- @AfterMethod tearUp -->
  <testcase classname="baseUtil.BaseClass" name="@BeforeMethod initialTest" time="0.0">
    <skipped/>
  </testcase> <!-- @BeforeMethod initialTest -->
  <testcase classname="baseUtil.BaseClass" name="@BeforeMethod setUp" time="0.0">
    <skipped/>
  </testcase> <!-- @BeforeMethod setUp -->
  <testcase classname="baseUtil.BaseClass" name="@AfterMethod afterEachTest" time="0.0">
    <skipped/>
  </testcase> <!-- @AfterMethod afterEachTest -->
  <testcase classname="baseUtil.BaseClass" name="@AfterMethod tearUp" time="0.0">
    <skipped/>
  </testcase> <!-- @AfterMethod tearUp -->
  <testcase classname="baseUtil.BaseClass" name="@BeforeMethod initialTest" time="0.0">
    <skipped/>
  </testcase> <!-- @BeforeMethod initialTest -->
  <testcase classname="baseUtil.BaseClass" name="@BeforeMethod setUp" time="0.0">
    <skipped/>
  </testcase> <!-- @BeforeMethod setUp -->
  <testcase classname="baseUtil.BaseClass" name="@AfterMethod afterEachTest" time="0.0">
    <skipped/>
  </testcase> <!-- @AfterMethod afterEachTest -->
  <testcase classname="baseUtil.BaseClass" name="@AfterMethod tearUp" time="0.0">
    <skipped/>
  </testcase> <!-- @AfterMethod tearUp -->
  <testcase classname="baseUtil.BaseClass" name="@BeforeMethod initialTest" time="0.0">
    <skipped/>
  </testcase> <!-- @BeforeMethod initialTest -->
  <testcase classname="baseUtil.BaseClass" name="@BeforeMethod setUp" time="0.0">
    <skipped/>
  </testcase> <!-- @BeforeMethod setUp -->
  <testcase classname="baseUtil.BaseClass" name="@AfterMethod afterEachTest" time="0.0">
    <skipped/>
  </testcase> <!-- @AfterMethod afterEachTest -->
  <testcase classname="baseUtil.BaseClass" name="@AfterMethod tearUp" time="0.0">
    <skipped/>
  </testcase> <!-- @AfterMethod tearUp -->
  <testcase classname="baseUtil.BaseClass" name="@BeforeMethod initialTest" time="0.0">
    <skipped/>
  </testcase> <!-- @BeforeMethod initialTest -->
  <testcase classname="baseUtil.BaseClass" name="@BeforeMethod setUp" time="0.0">
    <skipped/>
  </testcase> <!-- @BeforeMethod setUp -->
  <testcase classname="baseUtil.BaseClass" name="@AfterMethod afterEachTest" time="0.0">
    <skipped/>
  </testcase> <!-- @AfterMethod afterEachTest -->
  <testcase classname="baseUtil.BaseClass" name="@AfterMethod tearUp" time="0.0">
    <skipped/>
  </testcase> <!-- @AfterMethod tearUp -->
  <testcase classname="baseUtil.BaseClass" name="@BeforeMethod initialTest" time="0.0">
    <skipped/>
  </testcase> <!-- @BeforeMethod initialTest -->
  <testcase classname="baseUtil.BaseClass" name="@BeforeMethod setUp" time="0.0">
    <skipped/>
  </testcase> <!-- @BeforeMethod setUp -->
  <testcase classname="baseUtil.BaseClass" name="@AfterMethod afterEachTest" time="0.0">
    <skipped/>
  </testcase> <!-- @AfterMethod afterEachTest -->
  <testcase classname="baseUtil.BaseClass" name="@AfterMethod tearUp" time="0.0">
    <skipped/>
  </testcase> <!-- @AfterMethod tearUp -->
  <testcase classname="baseUtil.BaseClass" name="@BeforeMethod initialTest" time="0.0">
    <skipped/>
  </testcase> <!-- @BeforeMethod initialTest -->
  <testcase classname="baseUtil.BaseClass" name="@BeforeMethod setUp" time="0.0">
    <skipped/>
  </testcase> <!-- @BeforeMethod setUp -->
  <testcase classname="baseUtil.BaseClass" name="@AfterMethod afterEachTest" time="0.0">
    <skipped/>
  </testcase> <!-- @AfterMethod afterEachTest -->
  <testcase classname="baseUtil.BaseClass" name="@AfterMethod tearUp" time="0.0">
    <skipped/>
  </testcase> <!-- @AfterMethod tearUp -->
  <testcase classname="baseUtil.BaseClass" name="@BeforeMethod initialTest" time="0.0">
    <skipped/>
  </testcase> <!-- @BeforeMethod initialTest -->
  <testcase classname="baseUtil.BaseClass" name="@BeforeMethod setUp" time="0.0">
    <skipped/>
  </testcase> <!-- @BeforeMethod setUp -->
  <testcase classname="baseUtil.BaseClass" name="@AfterMethod afterEachTest" time="0.0">
    <skipped/>
  </testcase> <!-- @AfterMethod afterEachTest -->
  <testcase classname="baseUtil.BaseClass" name="@AfterMethod tearUp" time="0.0">
    <skipped/>
  </testcase> <!-- @AfterMethod tearUp -->
  <testcase classname="baseUtil.BaseClass" name="@BeforeMethod initialTest" time="0.0">
    <skipped/>
  </testcase> <!-- @BeforeMethod initialTest -->
  <testcase classname="baseUtil.BaseClass" name="@BeforeMethod setUp" time="0.0">
    <skipped/>
  </testcase> <!-- @BeforeMethod setUp -->
  <testcase classname="baseUtil.BaseClass" name="@AfterMethod afterEachTest" time="0.0">
    <skipped/>
  </testcase> <!-- @AfterMethod afterEachTest -->
  <testcase classname="baseUtil.BaseClass" name="@AfterMethod tearUp" time="0.0">
    <skipped/>
  </testcase> <!-- @AfterMethod tearUp -->
  <testcase classname="baseUtil.BaseClass" name="@BeforeMethod initialTest" time="0.0">
    <skipped/>
  </testcase> <!-- @BeforeMethod initialTest -->
  <testcase classname="baseUtil.BaseClass" name="@BeforeMethod setUp" time="0.0">
    <skipped/>
  </testcase> <!-- @BeforeMethod setUp -->
  <testcase classname="baseUtil.BaseClass" name="@AfterMethod afterEachTest" time="0.0">
    <skipped/>
  </testcase> <!-- @AfterMethod afterEachTest -->
  <testcase classname="baseUtil.BaseClass" name="@AfterMethod tearUp" time="0.0">
    <skipped/>
  </testcase> <!-- @AfterMethod tearUp -->
  <testcase classname="baseUtil.BaseClass" name="@BeforeMethod initialTest" time="0.0">
    <skipped/>
  </testcase> <!-- @BeforeMethod initialTest -->
  <testcase classname="baseUtil.BaseClass" name="@BeforeMethod setUp" time="0.0">
    <skipped/>
  </testcase> <!-- @BeforeMethod setUp -->
  <testcase classname="baseUtil.BaseClass" name="@AfterMethod afterEachTest" time="0.0">
    <skipped/>
  </testcase> <!-- @AfterMethod afterEachTest -->
  <testcase classname="baseUtil.BaseClass" name="@AfterMethod tearUp" time="0.0">
    <skipped/>
  </testcase> <!-- @AfterMethod tearUp -->
  <testcase classname="baseUtil.BaseClass" name="@BeforeMethod initialTest" time="0.0">
    <skipped/>
  </testcase> <!-- @BeforeMethod initialTest -->
  <testcase classname="baseUtil.BaseClass" name="@BeforeMethod setUp" time="0.0">
    <skipped/>
  </testcase> <!-- @BeforeMethod setUp -->
  <testcase classname="baseUtil.BaseClass" name="@AfterMethod afterEachTest" time="0.0">
    <skipped/>
  </testcase> <!-- @AfterMethod afterEachTest -->
  <testcase classname="baseUtil.BaseClass" name="@AfterMethod tearUp" time="0.0">
    <skipped/>
  </testcase> <!-- @AfterMethod tearUp -->
  <testcase classname="baseUtil.BaseClass" name="@BeforeMethod initialTest" time="0.0">
    <skipped/>
  </testcase> <!-- @BeforeMethod initialTest -->
  <testcase classname="baseUtil.BaseClass" name="@BeforeMethod setUp" time="0.0">
    <skipped/>
  </testcase> <!-- @BeforeMethod setUp -->
  <testcase classname="baseUtil.BaseClass" name="@AfterMethod afterEachTest" time="0.0">
    <skipped/>
  </testcase> <!-- @AfterMethod afterEachTest -->
  <testcase classname="baseUtil.BaseClass" name="@AfterMethod tearUp" time="0.0">
    <skipped/>
  </testcase> <!-- @AfterMethod tearUp -->
  <testcase classname="baseUtil.BaseClass" name="@BeforeMethod initialTest" time="0.0">
    <skipped/>
  </testcase> <!-- @BeforeMethod initialTest -->
  <testcase classname="baseUtil.BaseClass" name="@BeforeMethod setUp" time="0.0">
    <skipped/>
  </testcase> <!-- @BeforeMethod setUp -->
  <testcase classname="baseUtil.BaseClass" name="@AfterMethod afterEachTest" time="0.0">
    <skipped/>
  </testcase> <!-- @AfterMethod afterEachTest -->
  <testcase classname="baseUtil.BaseClass" name="@AfterMethod tearUp" time="0.0">
    <skipped/>
  </testcase> <!-- @AfterMethod tearUp -->
  <testcase classname="baseUtil.BaseClass" name="@BeforeMethod initialTest" time="0.0">
    <skipped/>
  </testcase> <!-- @BeforeMethod initialTest -->
  <testcase classname="baseUtil.BaseClass" name="@BeforeMethod setUp" time="0.0">
    <skipped/>
  </testcase> <!-- @BeforeMethod setUp -->
  <testcase classname="baseUtil.BaseClass" name="@AfterMethod afterEachTest" time="0.0">
    <skipped/>
  </testcase> <!-- @AfterMethod afterEachTest -->
  <testcase classname="baseUtil.BaseClass" name="@AfterMethod tearUp" time="0.0">
    <skipped/>
  </testcase> <!-- @AfterMethod tearUp -->
  <testcase classname="baseUtil.BaseClass" name="@BeforeMethod initialTest" time="0.0">
    <skipped/>
  </testcase> <!-- @BeforeMethod initialTest -->
  <testcase classname="baseUtil.BaseClass" name="@BeforeMethod setUp" time="0.0">
    <skipped/>
  </testcase> <!-- @BeforeMethod setUp -->
  <testcase classname="baseUtil.BaseClass" name="@AfterMethod afterEachTest" time="0.0">
    <skipped/>
  </testcase> <!-- @AfterMethod afterEachTest -->
  <testcase classname="baseUtil.BaseClass" name="@AfterMethod tearUp" time="0.0">
    <skipped/>
  </testcase> <!-- @AfterMethod tearUp -->
  <testcase classname="baseUtil.BaseClass" name="@BeforeMethod initialTest" time="0.0">
    <skipped/>
  </testcase> <!-- @BeforeMethod initialTest -->
  <testcase classname="baseUtil.BaseClass" name="@BeforeMethod setUp" time="0.0">
    <skipped/>
  </testcase> <!-- @BeforeMethod setUp -->
  <testcase classname="baseUtil.BaseClass" name="@AfterMethod afterEachTest" time="0.0">
    <skipped/>
  </testcase> <!-- @AfterMethod afterEachTest -->
  <testcase classname="baseUtil.BaseClass" name="@AfterMethod tearUp" time="0.0">
    <skipped/>
  </testcase> <!-- @AfterMethod tearUp -->
  <testcase classname="baseUtil.BaseClass" name="@BeforeMethod initialTest" time="0.0">
    <skipped/>
  </testcase> <!-- @BeforeMethod initialTest -->
  <testcase classname="baseUtil.BaseClass" name="@BeforeMethod setUp" time="0.0">
    <skipped/>
  </testcase> <!-- @BeforeMethod setUp -->
  <testcase classname="baseUtil.BaseClass" name="@AfterMethod afterEachTest" time="0.0">
    <skipped/>
  </testcase> <!-- @AfterMethod afterEachTest -->
  <testcase classname="baseUtil.BaseClass" name="@AfterMethod tearUp" time="0.0">
    <skipped/>
  </testcase> <!-- @AfterMethod tearUp -->
  <testcase classname="baseUtil.BaseClass" name="@BeforeMethod initialTest" time="0.0">
    <skipped/>
  </testcase> <!-- @BeforeMethod initialTest -->
  <testcase classname="baseUtil.BaseClass" name="@BeforeMethod setUp" time="0.0">
    <skipped/>
  </testcase> <!-- @BeforeMethod setUp -->
  <testcase classname="baseUtil.BaseClass" name="@AfterMethod afterEachTest" time="0.0">
    <skipped/>
  </testcase> <!-- @AfterMethod afterEachTest -->
  <testcase classname="baseUtil.BaseClass" name="@AfterMethod tearUp" time="0.0">
    <skipped/>
  </testcase> <!-- @AfterMethod tearUp -->
  <testcase classname="baseUtil.BaseClass" name="@BeforeMethod initialTest" time="0.0">
    <skipped/>
  </testcase> <!-- @BeforeMethod initialTest -->
  <testcase classname="baseUtil.BaseClass" name="@BeforeMethod setUp" time="0.0">
    <skipped/>
  </testcase> <!-- @BeforeMethod setUp -->
  <testcase classname="baseUtil.BaseClass" name="@AfterMethod afterEachTest" time="0.0">
    <skipped/>
  </testcase> <!-- @AfterMethod afterEachTest -->
  <testcase classname="baseUtil.BaseClass" name="@AfterMethod tearUp" time="0.0">
    <skipped/>
  </testcase> <!-- @AfterMethod tearUp -->
  <testcase classname="baseUtil.BaseClass" name="@BeforeMethod initialTest" time="0.0">
    <skipped/>
  </testcase> <!-- @BeforeMethod initialTest -->
  <testcase classname="baseUtil.BaseClass" name="@BeforeMethod setUp" time="0.0">
    <skipped/>
  </testcase> <!-- @BeforeMethod setUp -->
  <testcase classname="baseUtil.BaseClass" name="@AfterMethod afterEachTest" time="0.0">
    <skipped/>
  </testcase> <!-- @AfterMethod afterEachTest -->
  <testcase classname="baseUtil.BaseClass" name="@AfterMethod tearUp" time="0.0">
    <skipped/>
  </testcase> <!-- @AfterMethod tearUp -->
  <testcase classname="baseUtil.BaseClass" name="@BeforeMethod initialTest" time="0.0">
    <skipped/>
  </testcase> <!-- @BeforeMethod initialTest -->
  <testcase classname="baseUtil.BaseClass" name="@BeforeMethod setUp" time="0.0">
    <skipped/>
  </testcase> <!-- @BeforeMethod setUp -->
  <testcase classname="baseUtil.BaseClass" name="@AfterMethod afterEachTest" time="0.0">
    <skipped/>
  </testcase> <!-- @AfterMethod afterEachTest -->
  <testcase classname="baseUtil.BaseClass" name="@AfterMethod tearUp" time="0.0">
    <skipped/>
  </testcase> <!-- @AfterMethod tearUp -->
  <testcase classname="baseUtil.BaseClass" name="@BeforeMethod initialTest" time="0.0">
    <skipped/>
  </testcase> <!-- @BeforeMethod initialTest -->
  <testcase classname="baseUtil.BaseClass" name="@BeforeMethod setUp" time="0.0">
    <skipped/>
  </testcase> <!-- @BeforeMethod setUp -->
  <testcase classname="baseUtil.BaseClass" name="@AfterMethod afterEachTest" time="0.0">
    <skipped/>
  </testcase> <!-- @AfterMethod afterEachTest -->
  <testcase classname="baseUtil.BaseClass" name="@AfterMethod tearUp" time="0.0">
    <skipped/>
  </testcase> <!-- @AfterMethod tearUp -->
  <testcase classname="pagesTest.ForgotUserIdTest" name="navigateToForgotUserIdPageTest" time="28.785"/>
  <testcase classname="pagesTest.ForgotUserIdTest" name="use_of_dropdown_selectByVisibleText_method_test" time="8.539"/>
  <testcase classname="pagesTest.ForgotUserIdTest" name="use_of_dropdown_with_selectByIndex_method_test" time="13.05"/>
  <testcase classname="pagesTest.ForgotUserIdTest" name="use_of_dropdown_with_selectByValue_method_test" time="12.451"/>
  <testcase classname="pagesTest.ForgotUserIdTest" name="verifyForgotUserIdTest" time="45.605">
    <failure type="org.openqa.selenium.NoSuchWindowException" message="no such window: target window already closed
from unknown error: web view not found
  (Session info: chrome=128.0.6613.138)
Build info: version: &amp;apos;4.22.0&amp;apos;, revision: &amp;apos;c5f3146703*&amp;apos;
System info: os.name: &amp;apos;Mac OS X&amp;apos;, os.arch: &amp;apos;x86_64&amp;apos;, os.version: &amp;apos;12.7&amp;apos;, java.version: &amp;apos;22.0.1&amp;apos;
Driver info: org.openqa.selenium.chrome.ChromeDriver
Command: [bef4ab6db175e018c184efc50a75c6d4, findElement {value=//select[@name=&amp;apos;cms-forgotid-birthDate&amp;apos;], using=xpath}]
Capabilities {acceptInsecureCerts: false, browserName: chrome, browserVersion: 128.0.6613.138, chrome: {chromedriverVersion: 128.0.6613.137 (fe621c5aa2d..., userDataDir: /var/folders/2q/c_mlfcxd4_s...}, fedcm:accounts: true, goog:chromeOptions: {debuggerAddress: localhost:53542}, networkConnectionEnabled: false, pageLoadStrategy: normal, platformName: mac, proxy: Proxy(), se:cdp: ws://localhost:53542/devtoo..., se:cdpVersion: 128.0.6613.138, setWindowRect: true, strictFileInteractability: false, timeouts: {implicit: 0, pageLoad: 300000, script: 30000}, unhandledPromptBehavior: dismiss and notify, webauthn:extension:credBlob: true, webauthn:extension:largeBlob: true, webauthn:extension:minPinLength: true, webauthn:extension:prf: true, webauthn:virtualAuthenticators: true}
Session ID: bef4ab6db175e018c184efc50a75c6d4">
      <![CDATA[org.openqa.selenium.NoSuchWindowException: no such window: target window already closed
from unknown error: web view not found
  (Session info: chrome=128.0.6613.138)
Build info: version: '4.22.0', revision: 'c5f3146703*'
System info: os.name: 'Mac OS X', os.arch: 'x86_64', os.version: '12.7', java.version: '22.0.1'
Driver info: org.openqa.selenium.chrome.ChromeDriver
Command: [bef4ab6db175e018c184efc50a75c6d4, findElement {value=//select[@name='cms-forgotid-birthDate'], using=xpath}]
Capabilities {acceptInsecureCerts: false, browserName: chrome, browserVersion: 128.0.6613.138, chrome: {chromedriverVersion: 128.0.6613.137 (fe621c5aa2d..., userDataDir: /var/folders/2q/c_mlfcxd4_s...}, fedcm:accounts: true, goog:chromeOptions: {debuggerAddress: localhost:53542}, networkConnectionEnabled: false, pageLoadStrategy: normal, platformName: mac, proxy: Proxy(), se:cdp: ws://localhost:53542/devtoo..., se:cdpVersion: 128.0.6613.138, setWindowRect: true, strictFileInteractability: false, timeouts: {implicit: 0, pageLoad: 300000, script: 30000}, unhandledPromptBehavior: dismiss and notify, webauthn:extension:credBlob: true, webauthn:extension:largeBlob: true, webauthn:extension:minPinLength: true, webauthn:extension:prf: true, webauthn:virtualAuthenticators: true}
Session ID: bef4ab6db175e018c184efc50a75c6d4
at org.openqa.selenium.remote.ErrorCodec.decode(ErrorCodec.java:167)
at org.openqa.selenium.remote.codec.w3c.W3CHttpResponseCodec.decode(W3CHttpResponseCodec.java:138)
at org.openqa.selenium.remote.codec.w3c.W3CHttpResponseCodec.decode(W3CHttpResponseCodec.java:50)
at org.openqa.selenium.remote.HttpCommandExecutor.execute(HttpCommandExecutor.java:190)
at org.openqa.selenium.remote.service.DriverCommandExecutor.invokeExecute(DriverCommandExecutor.java:216)
at org.openqa.selenium.remote.service.DriverCommandExecutor.execute(DriverCommandExecutor.java:174)
at org.openqa.selenium.remote.RemoteWebDriver.execute(RemoteWebDriver.java:518)
at org.openqa.selenium.remote.ElementLocation$ElementFinder$2.findElement(ElementLocation.java:165)
at org.openqa.selenium.remote.ElementLocation.findElement(ElementLocation.java:59)
at org.openqa.selenium.remote.RemoteWebDriver.findElement(RemoteWebDriver.java:355)
at org.openqa.selenium.remote.RemoteWebDriver.findElement(RemoteWebDriver.java:349)
at org.openqa.selenium.support.pagefactory.DefaultElementLocator.findElement(DefaultElementLocator.java:68)
at org.openqa.selenium.support.pagefactory.internal.LocatingElementHandler.invoke(LocatingElementHandler.java:38)
at jdk.proxy2/jdk.proxy2.$Proxy15.getTagName(Unknown Source)
at org.openqa.selenium.support.ui.Select.<init>(Select.java:43)
at common.CommonActions.selectDropdown(CommonActions.java:188)
at pages.ForgotUserId.verifyForgotUserId(ForgotUserId.java:109)
at pagesTest.ForgotUserIdTest.verifyForgotUserIdTest(ForgotUserIdTest.java:40)
at java.base/java.util.ArrayList.forEach(ArrayList.java:1597)
... Removed 33 stack frames]]>
    </failure>
  </testcase> <!-- verifyForgotUserIdTest -->
  <testcase classname="pagesTest.HomePageTest" name="alternate_of_click_method_test" time="0.0">
    <skipped/>
  </testcase> <!-- alternate_of_click_method_test -->
  <testcase classname="pagesTest.HomePageTest" name="alternate_of_send_keys_method_test" time="0.0">
    <skipped/>
  </testcase> <!-- alternate_of_send_keys_method_test -->
  <testcase classname="pagesTest.HomePageTest" name="authentication_pop_up_test" time="0.001">
    <skipped/>
  </testcase> <!-- authentication_pop_up_test -->
  <testcase classname="pagesTest.HomePageTest" name="clickNewUserRegistrationTest" time="0.0">
    <skipped/>
  </testcase> <!-- clickNewUserRegistrationTest -->
  <testcase classname="pagesTest.HomePageTest" name="clickPasswordTest" time="0.0">
    <skipped/>
  </testcase> <!-- clickPasswordTest -->
  <testcase classname="pagesTest.HomePageTest" name="clickUnlockTest" time="0.0">
    <skipped/>
  </testcase> <!-- clickUnlockTest -->
  <testcase classname="pagesTest.HomePageTest" name="clickUserIdTest" time="0.0">
    <skipped/>
  </testcase> <!-- clickUserIdTest -->
  <testcase classname="pagesTest.HomePageTest" name="getMethodsOfThePageTest" time="0.0">
    <skipped/>
  </testcase> <!-- getMethodsOfThePageTest -->
  <testcase classname="pagesTest.HomePageTest" name="how_to_handle_hidden_element_by_javascriptExecutor_test" time="0.0">
    <skipped/>
  </testcase> <!-- how_to_handle_hidden_element_by_javascriptExecutor_test -->
  <testcase classname="pagesTest.HomePageTest" name="how_to_handle_hidden_element_by_regular_selenium_method_test" time="0.0">
    <skipped/>
  </testcase> <!-- how_to_handle_hidden_element_by_regular_selenium_method_test -->
  <testcase classname="pagesTest.HomePageTest" name="implicitlyWaitTest" time="0.0">
    <skipped/>
  </testcase> <!-- implicitlyWaitTest -->
  <testcase classname="pagesTest.HomePageTest" name="inputTextInUserIdAndPasswordFieldThenIAgreeAndClickToTheLoginButtonTest" time="0.0">
    <skipped/>
  </testcase> <!-- inputTextInUserIdAndPasswordFieldThenIAgreeAndClickToTheLoginButtonTest -->
  <testcase classname="pagesTest.HomePageTest" name="inputTextInUserIdFieldTest" time="0.0">
    <skipped/>
  </testcase> <!-- inputTextInUserIdFieldTest -->
  <testcase classname="pagesTest.HomePageTest" name="login_process_by_JavascriptExecutor_common_method_test" time="0.0">
    <skipped/>
  </testcase> <!-- login_process_by_JavascriptExecutor_common_method_test -->
  <testcase classname="pagesTest.HomePageTest" name="login_process_by_JavascriptExecutor_test" time="0.002">
    <skipped/>
  </testcase> <!-- login_process_by_JavascriptExecutor_test -->
  <testcase classname="pagesTest.HomePageTest" name="newUserRegistrationPageValidationTest" time="0.0">
    <skipped/>
  </testcase> <!-- newUserRegistrationPageValidationTest -->
  <testcase classname="pagesTest.HomePageTest" name="nullPointerExceptionTest" time="0.0">
    <skipped/>
  </testcase> <!-- nullPointerExceptionTest -->
  <testcase classname="pagesTest.HomePageTest" name="role1_use_of_cssSelector_by_class_name_value_test" time="0.0">
    <skipped/>
  </testcase> <!-- role1_use_of_cssSelector_by_class_name_value_test -->
  <testcase classname="pagesTest.HomePageTest" name="role2_use_of_cssSelector_by_id_value_test" time="0.0">
    <skipped/>
  </testcase> <!-- role2_use_of_cssSelector_by_id_value_test -->
  <testcase classname="pagesTest.HomePageTest" name="role3_use_of_cssSelector_by_compund_class_name_value_test" time="0.0">
    <skipped/>
  </testcase> <!-- role3_use_of_cssSelector_by_compund_class_name_value_test -->
  <testcase classname="pagesTest.HomePageTest" name="role4_use_of_cssSelector_by_attribute_and_its_value_test" time="0.0">
    <skipped/>
  </testcase> <!-- role4_use_of_cssSelector_by_attribute_and_its_value_test -->
  <testcase classname="pagesTest.HomePageTest" name="role5_use_of_cssSelector_by_class_name_value_and_attribute_and_its_value_test" time="0.002">
    <skipped/>
  </testcase> <!-- role5_use_of_cssSelector_by_class_name_value_and_attribute_and_its_value_test -->
  <testcase classname="pagesTest.HomePageTest" name="role6_use_of_cssSelector_by_id_value_and_attribute_and_its_value_test" time="0.0">
    <skipped/>
  </testcase> <!-- role6_use_of_cssSelector_by_id_value_and_attribute_and_its_value_test -->
  <testcase classname="pagesTest.HomePageTest" name="scroll_into_view_the_element_by_commonActions_test" time="0.001">
    <skipped/>
  </testcase> <!-- scroll_into_view_the_element_by_commonActions_test -->
  <testcase classname="pagesTest.HomePageTest" name="scroll_into_view_the_element_test" time="0.0">
    <skipped/>
  </testcase> <!-- scroll_into_view_the_element_test -->
  <testcase classname="pagesTest.HomePageTest" name="switch_between_window_test" time="0.0">
    <skipped/>
  </testcase> <!-- switch_between_window_test -->
  <testcase classname="pagesTest.HomePageTest" name="useOfByClassInLoginProcessTest" time="0.0">
    <skipped/>
  </testcase> <!-- useOfByClassInLoginProcessTest -->
  <testcase classname="pagesTest.HomePageTest" name="use_of_double_click_action_test" time="0.0">
    <skipped/>
  </testcase> <!-- use_of_double_click_action_test -->
  <testcase classname="pagesTest.HomePageTest" name="use_of_explicitly_wait_01_test" time="0.0">
    <skipped/>
  </testcase> <!-- use_of_explicitly_wait_01_test -->
  <testcase classname="pagesTest.HomePageTest" name="use_of_explicitly_wait_02_test" time="0.0">
    <skipped/>
  </testcase> <!-- use_of_explicitly_wait_02_test -->
  <testcase classname="pagesTest.HomePageTest" name="use_of_explicitly_wait_03_test" time="0.0">
    <skipped/>
  </testcase> <!-- use_of_explicitly_wait_03_test -->
  <testcase classname="pagesTest.HomePageTest" name="use_of_explicitly_wait_04_test" time="0.0">
    <skipped/>
  </testcase> <!-- use_of_explicitly_wait_04_test -->
  <testcase classname="pagesTest.HomePageTest" name="use_of_explicitly_wait_05_test" time="0.0">
    <skipped/>
  </testcase> <!-- use_of_explicitly_wait_05_test -->
  <testcase classname="pagesTest.HomePageTest" name="use_of_explicitly_wait_from_common_waits_test" time="0.001">
    <skipped/>
  </testcase> <!-- use_of_explicitly_wait_from_common_waits_test -->
  <testcase classname="pagesTest.HomePageTest" name="use_of_getAttribute_by_common_method_test" time="0.0">
    <skipped/>
  </testcase> <!-- use_of_getAttribute_by_common_method_test -->
  <testcase classname="pagesTest.HomePageTest" name="use_of_getAttribute_method_Test" time="0.0">
    <skipped/>
  </testcase> <!-- use_of_getAttribute_method_Test -->
  <testcase classname="pagesTest.HomePageTest" name="use_of_isDisplayed_in_login_test" time="0.0">
    <skipped/>
  </testcase> <!-- use_of_isDisplayed_in_login_test -->
  <testcase classname="pagesTest.HomePageTest" name="use_of_isDisplayed_test_01" time="0.0">
    <skipped/>
  </testcase> <!-- use_of_isDisplayed_test_01 -->
  <testcase classname="pagesTest.HomePageTest" name="use_of_isDisplayed_test_02" time="0.0">
    <skipped/>
  </testcase> <!-- use_of_isDisplayed_test_02 -->
  <testcase classname="pagesTest.HomePageTest" name="use_of_isEnabled_in_login_test" time="0.0">
    <skipped/>
  </testcase> <!-- use_of_isEnabled_in_login_test -->
  <testcase classname="pagesTest.HomePageTest" name="use_of_isSelected_in_login" time="0.0">
    <skipped/>
  </testcase> <!-- use_of_isSelected_in_login -->
  <testcase classname="pagesTest.HomePageTest" name="use_of_linkText_as_locator_in_forgot_userId_hyperlink_test" time="0.0">
    <skipped/>
  </testcase> <!-- use_of_linkText_as_locator_in_forgot_userId_hyperlink_test -->
  <testcase classname="pagesTest.HomePageTest" name="use_of_mouse_hoverAction_on_ourLocations_test" time="0.0">
    <skipped/>
  </testcase> <!-- use_of_mouse_hoverAction_on_ourLocations_test -->
  <testcase classname="pagesTest.HomePageTest" name="use_of_navigate_method_test" time="0.0">
    <skipped/>
  </testcase> <!-- use_of_navigate_method_test -->
  <testcase classname="pagesTest.HomePageTest" name="use_of_partialLinkText_as_locator_in_forgot_passowrd_hyperlink_test" time="0.0">
    <skipped/>
  </testcase> <!-- use_of_partialLinkText_as_locator_in_forgot_passowrd_hyperlink_test -->
  <testcase classname="pagesTest.HomePageTest" name="use_of_right_click_action_test" time="0.0">
    <skipped/>
  </testcase> <!-- use_of_right_click_action_test -->
  <testcase classname="pagesTest.HomePageTest" name="use_of_scroll_down_and_scroll_up_by_robot_class" time="0.0">
    <skipped/>
  </testcase> <!-- use_of_scroll_down_and_scroll_up_by_robot_class -->
  <testcase classname="pagesTest.HomePageTest" name="use_of_scroll_down_and_up_by_actions_class_Test" time="0.0">
    <skipped/>
  </testcase> <!-- use_of_scroll_down_and_up_by_actions_class_Test -->
  <testcase classname="pagesTest.HomePageTest" name="use_of_scroll_down_and_up_by_javascriptExecutor_test" time="0.0">
    <skipped/>
  </testcase> <!-- use_of_scroll_down_and_up_by_javascriptExecutor_test -->
  <testcase classname="pagesTest.HomePageTest" name="use_of_sendKeys_method_then_click_by_enter_key_of_the_laptop_test_01" time="0.0">
    <skipped/>
  </testcase> <!-- use_of_sendKeys_method_then_click_by_enter_key_of_the_laptop_test_01 -->
  <testcase classname="pagesTest.HomePageTest" name="use_of_sendKeys_method_then_click_by_enter_key_of_the_laptop_test_02" time="0.0">
    <skipped/>
  </testcase> <!-- use_of_sendKeys_method_then_click_by_enter_key_of_the_laptop_test_02 -->
  <testcase classname="pagesTest.HomePageTest" name="use_of_sendKeys_method_then_click_by_return_key_of_the_laptop_test" time="0.0">
    <skipped/>
  </testcase> <!-- use_of_sendKeys_method_then_click_by_return_key_of_the_laptop_test -->
  <testcase classname="pagesTest.HomePageTest" name="use_of_sendKeys_method_then_click_by_tab_key_of_the_laptop_test" time="0.0">
    <skipped/>
  </testcase> <!-- use_of_sendKeys_method_then_click_by_tab_key_of_the_laptop_test -->
  <testcase classname="pagesTest.HomePageTest" name="use_of_tagName_as_locator_test" time="0.0">
    <skipped/>
  </testcase> <!-- use_of_tagName_as_locator_test -->
  <testcase classname="pagesTest.HomePageTest" name="web_based_alert_accept_test" time="0.0">
    <skipped/>
  </testcase> <!-- web_based_alert_accept_test -->
  <testcase classname="pagesTest.HomePageTest" name="web_based_alert_dismiss_test" time="0.0">
    <skipped/>
  </testcase> <!-- web_based_alert_dismiss_test -->
  <testcase classname="pagesTest.HomePageTest" name="why_we_use_cssSelector_as_locator_in_logo_test" time="0.0">
    <skipped/>
  </testcase> <!-- why_we_use_cssSelector_as_locator_in_logo_test -->
  <testcase classname="pagesTest.HomePageTest" name="clickLogoTest" time="0.0">
    <skipped/>
  </testcase> <!-- clickLogoTest -->
  <testcase classname="pagesTest.HomePageTest" name="clickLoginButtonTest" time="0.0">
    <skipped/>
  </testcase> <!-- clickLoginButtonTest -->
  <testcase classname="pagesTest.HomePageTest" name="use_of_clear_in_login_test" time="0.0">
    <skipped/>
  </testcase> <!-- use_of_clear_in_login_test -->
  <testcase classname="baseUtil.BaseClass" name="@BeforeSuite initialReporting" time="0.0">
    <ignored/>
  </testcase> <!-- @BeforeSuite initialReporting -->
  <testcase classname="baseUtil.BaseClass" name="@AfterSuite publishReport" time="0.0">
    <ignored/>
  </testcase> <!-- @AfterSuite publishReport -->
</testsuite> <!-- Surefire test -->
