<?xml version="1.0" encoding="UTF-8"?>
<testng-results ignored="0" total="65" passed="4" failed="1" skipped="60">
  <reporter-output>
    <line>
      <![CDATA[Sleeping ... zZz 4000<br>]]>
    </line>
    <line>
      <![CDATA[[[ChromeDriver: chrome on mac (69e75a07f8289cd5aae228be969abbcf)] -> id: cms-forgot-userid]<---------> is Displayed, true<br>]]>
    </line>
    <line>
      <![CDATA[Proxy element for: DefaultElementLocator 'By.id: cms-forgot-userid'<-------> has been clicked<br>]]>
    </line>
    <line>
      <![CDATA[Sleeping ... zZz 4000<br>]]>
    </line>
    <line>
      <![CDATA[Actual Title is : CMS Enterprise Portal - Forgot User ID ---> And Expected Title is :CMS Enterprise Portal - Forgot User ID<br>]]>
    </line>
    <line>
      <![CDATA[Current URL : https://portal.cms.gov/portal/forgotuserid, Expected URL : https://portal.cms.gov/portal/forgotuserid<br>]]>
    </line>
    <line>
      <![CDATA[Sleeping ... zZz 4000<br>]]>
    </line>
    <line>
      <![CDATA[[[ChromeDriver: chrome on mac (f3cd279860b3b5bacea9037911d5b865)] -> id: cms-forgot-userid]<---------> is Displayed, true<br>]]>
    </line>
    <line>
      <![CDATA[[[ChromeDriver: chrome on mac (f3cd279860b3b5bacea9037911d5b865)] -> id: cms-forgot-userid]<-------> has been clicked<br>]]>
    </line>
    <line>
      <![CDATA[Sleeping ... zZz 4000<br>]]>
    </line>
    <line>
      <![CDATA[Actual Title is : CMS Enterprise Portal - Forgot User ID ---> And Expected Title is :CMS Enterprise Portal - Forgot User ID<br>]]>
    </line>
    <line>
      <![CDATA[Current URL : https://portal.cms.gov/portal/forgotuserid, Expected URL : https://portal.cms.gov/portal/forgotuserid<br>]]>
    </line>
    <line>
      <![CDATA[Sleeping ... zZz 4000<br>]]>
    </line>
    <line>
      <![CDATA[[[ChromeDriver: chrome on mac (c56c58b2a4caaf44494d260301c1cd21)] -> id: cms-forgot-userid]<---------> is Displayed, true<br>]]>
    </line>
    <line>
      <![CDATA[[[ChromeDriver: chrome on mac (c56c58b2a4caaf44494d260301c1cd21)] -> id: cms-forgot-userid]<-------> has been clicked<br>]]>
    </line>
    <line>
      <![CDATA[Sleeping ... zZz 4000<br>]]>
    </line>
    <line>
      <![CDATA[Actual Title is : CMS Enterprise Portal - Forgot User ID ---> And Expected Title is :CMS Enterprise Portal - Forgot User ID<br>]]>
    </line>
    <line>
      <![CDATA[Current URL : https://portal.cms.gov/portal/forgotuserid, Expected URL : https://portal.cms.gov/portal/forgotuserid<br>]]>
    </line>
    <line>
      <![CDATA[Sleeping ... zZz 4000<br>]]>
    </line>
    <line>
      <![CDATA[Sleeping ... zZz 4000<br>]]>
    </line>
    <line>
      <![CDATA[[[ChromeDriver: chrome on mac (36b7e96738be894ef828ca1649d1814a)] -> id: cms-forgot-userid]<---------> is Displayed, true<br>]]>
    </line>
    <line>
      <![CDATA[[[ChromeDriver: chrome on mac (36b7e96738be894ef828ca1649d1814a)] -> id: cms-forgot-userid]<-------> has been clicked<br>]]>
    </line>
    <line>
      <![CDATA[Sleeping ... zZz 4000<br>]]>
    </line>
    <line>
      <![CDATA[Actual Title is : CMS Enterprise Portal - Forgot User ID ---> And Expected Title is :CMS Enterprise Portal - Forgot User ID<br>]]>
    </line>
    <line>
      <![CDATA[Current URL : https://portal.cms.gov/portal/forgotuserid, Expected URL : https://portal.cms.gov/portal/forgotuserid<br>]]>
    </line>
    <line>
      <![CDATA[Sleeping ... zZz 4000<br>]]>
    </line>
    <line>
      <![CDATA[Sleeping ... zZz 4000<br>]]>
    </line>
    <line>
      <![CDATA[[[ChromeDriver: chrome on mac (bef4ab6db175e018c184efc50a75c6d4)] -> id: cms-forgot-userid]<---------> is Displayed, true<br>]]>
    </line>
    <line>
      <![CDATA[[[ChromeDriver: chrome on mac (bef4ab6db175e018c184efc50a75c6d4)] -> id: cms-forgot-userid]<-------> has been clicked<br>]]>
    </line>
    <line>
      <![CDATA[Sleeping ... zZz 4000<br>]]>
    </line>
    <line>
      <![CDATA[Actual Title is : CMS Enterprise Portal - Forgot User ID ---> And Expected Title is :CMS Enterprise Portal - Forgot User ID<br>]]>
    </line>
    <line>
      <![CDATA[Current URL : https://portal.cms.gov/portal/forgotuserid, Expected URL : https://portal.cms.gov/portal/forgotuserid<br>]]>
    </line>
    <line>
      <![CDATA[[[ChromeDriver: chrome on mac (bef4ab6db175e018c184efc50a75c6d4)] -> xpath: //h1[contains(text(), 'Forgot User ID')]] ---> Actual Header : Forgot User ID. Expected Header : Forgot User ID<br>]]>
    </line>
    <line>
      <![CDATA[[[ChromeDriver: chrome on mac (bef4ab6db175e018c184efc50a75c6d4)] -> xpath: //p[contains(text(), 'Please e')]] ---> Actual SubHeader : Please enter the following information to retrieve your User ID.. Expected SubHeader : Please enter the following information to retrieve your User ID.<br>]]>
    </line>
    <line>
      <![CDATA[[[ChromeDriver: chrome on mac (bef4ab6db175e018c184efc50a75c6d4)] -> xpath: //p[contains(@id, 'cms-allfields-req')]] ---> Actual Other Header : All fields are required.. Expected Other Header : All fields are required.<br>]]>
    </line>
    <line>
      <![CDATA[Mohammad <-----> has been put into <-----> [[ChromeDriver: chrome on mac (bef4ab6db175e018c184efc50a75c6d4)] -> xpath: //input[contains(@id, 'cms-forgotid-fi')]]<br>]]>
    </line>
    <line>
      <![CDATA[Sleeping ... zZz 4000<br>]]>
    </line>
    <line>
      <![CDATA[Sharkar <-----> has been put into <-----> [[ChromeDriver: chrome on mac (bef4ab6db175e018c184efc50a75c6d4)] -> xpath: //input[@name='cms-forgotid-lastName']]<br>]]>
    </line>
    <line>
      <![CDATA[January is present in the dropdpwn<br>]]>
    </line>
    <line>
      <![CDATA[Sleeping ... zZz 2000<br>]]>
    </line>
    <line>
      <![CDATA[February is present in the dropdpwn<br>]]>
    </line>
    <line>
      <![CDATA[Sleeping ... zZz 2000<br>]]>
    </line>
    <line>
      <![CDATA[March is present in the dropdpwn<br>]]>
    </line>
    <line>
      <![CDATA[Sleeping ... zZz 2000<br>]]>
    </line>
    <line>
      <![CDATA[April is present in the dropdpwn<br>]]>
    </line>
    <line>
      <![CDATA[Sleeping ... zZz 2000<br>]]>
    </line>
    <line>
      <![CDATA[May is present in the dropdpwn<br>]]>
    </line>
    <line>
      <![CDATA[Sleeping ... zZz 2000<br>]]>
    </line>
    <line>
      <![CDATA[June is present in the dropdpwn<br>]]>
    </line>
    <line>
      <![CDATA[Sleeping ... zZz 2000<br>]]>
    </line>
    <line>
      <![CDATA[July is present in the dropdpwn<br>]]>
    </line>
    <line>
      <![CDATA[Sleeping ... zZz 2000<br>]]>
    </line>
    <line>
      <![CDATA[August is present in the dropdpwn<br>]]>
    </line>
    <line>
      <![CDATA[Sleeping ... zZz 2000<br>]]>
    </line>
    <line>
      <![CDATA[September is present in the dropdpwn<br>]]>
    </line>
    <line>
      <![CDATA[Sleeping ... zZz 2000<br>]]>
    </line>
    <line>
      <![CDATA[October is present in the dropdpwn<br>]]>
    </line>
    <line>
      <![CDATA[Sleeping ... zZz 2000<br>]]>
    </line>
    <line>
      <![CDATA[November is present in the dropdpwn<br>]]>
    </line>
    <line>
      <![CDATA[Sleeping ... zZz 2000<br>]]>
    </line>
    <line>
      <![CDATA[December is present in the dropdpwn<br>]]>
    </line>
    <line>
      <![CDATA[Sleeping ... zZz 2000<br>]]>
    </line>
    <line>
      <![CDATA[Total Element: 12 is present in the dropdown<br>]]>
    </line>
    <line>
      <![CDATA[June has been selected from the dropdown of ---> [[ChromeDriver: chrome on mac (bef4ab6db175e018c184efc50a75c6d4)] -> xpath: //select[contains(@name, 'cms-forgotid-birthM')]]<br>]]>
    </line>
    <line>
      <![CDATA[Sleeping ... zZz 4000<br>]]>
    </line>
    <line>
      <![CDATA[Screenshot cannot be captured<br>]]>
    </line>
  </reporter-output>
  <suite started-at="2024-09-19T13:38:44 EDT" name="Surefire suite" finished-at="2024-09-19T13:41:01 EDT" duration-ms="137147">
    <groups>
    </groups>
    <test started-at="2024-09-19T13:38:44 EDT" name="Surefire test" finished-at="2024-09-19T13:41:01 EDT" duration-ms="137147">
      <class name="pagesTest.ForgotUserIdTest">
        <test-method is-config="true" signature="initialReporting()[pri:0, instance:pagesTest.ForgotUserIdTest@6973bf95]" started-at="2024-09-19T13:38:43 EDT" name="initialReporting" finished-at="2024-09-19T13:38:44 EDT" duration-ms="734" status="PASS">
          <reporter-output>
          </reporter-output>
        </test-method> <!-- initialReporting -->
        <test-method is-config="true" signature="initialTest(java.lang.reflect.Method)[pri:0, instance:pagesTest.ForgotUserIdTest@6973bf95]" started-at="2024-09-19T13:38:44 EDT" name="initialTest" finished-at="2024-09-19T13:38:44 EDT" duration-ms="25" status="PASS">
          <params>
            <param index="0">
              <value>
                <![CDATA[public void pagesTest.ForgotUserIdTest.navigateToForgotUserIdPageTest()]]>
              </value>
            </param>
          </params>
          <reporter-output>
          </reporter-output>
        </test-method> <!-- initialTest -->
        <test-method is-config="true" signature="setUp(java.lang.String)[pri:0, instance:pagesTest.ForgotUserIdTest@6973bf95]" started-at="2024-09-19T13:38:44 EDT" name="setUp" finished-at="2024-09-19T13:38:54 EDT" duration-ms="10398" status="PASS">
          <params>
            <param index="0">
              <value>
                <![CDATA[chrome]]>
              </value>
            </param>
          </params>
          <reporter-output>
          </reporter-output>
        </test-method> <!-- setUp -->
        <test-method signature="navigateToForgotUserIdPageTest()[pri:0, instance:pagesTest.ForgotUserIdTest@6973bf95]" started-at="2024-09-19T13:38:54 EDT" name="navigateToForgotUserIdPageTest" finished-at="2024-09-19T13:39:23 EDT" duration-ms="28785" status="PASS">
          <reporter-output>
            <line>
              <![CDATA[Sleeping ... zZz 4000<br>]]>
            </line>
            <line>
              <![CDATA[[[ChromeDriver: chrome on mac (69e75a07f8289cd5aae228be969abbcf)] -> id: cms-forgot-userid]<---------> is Displayed, true<br>]]>
            </line>
            <line>
              <![CDATA[Proxy element for: DefaultElementLocator 'By.id: cms-forgot-userid'<-------> has been clicked<br>]]>
            </line>
            <line>
              <![CDATA[Sleeping ... zZz 4000<br>]]>
            </line>
            <line>
              <![CDATA[Actual Title is : CMS Enterprise Portal - Forgot User ID ---> And Expected Title is :CMS Enterprise Portal - Forgot User ID<br>]]>
            </line>
            <line>
              <![CDATA[Current URL : https://portal.cms.gov/portal/forgotuserid, Expected URL : https://portal.cms.gov/portal/forgotuserid<br>]]>
            </line>
          </reporter-output>
        </test-method> <!-- navigateToForgotUserIdPageTest -->
        <test-method is-config="true" signature="afterEachTest(java.lang.reflect.Method,org.testng.ITestResult)[pri:0, instance:pagesTest.ForgotUserIdTest@6973bf95]" started-at="2024-09-19T13:39:23 EDT" name="afterEachTest" finished-at="2024-09-19T13:39:23 EDT" duration-ms="8" status="PASS">
          <params>
            <param index="0">
              <value>
                <![CDATA[public void pagesTest.ForgotUserIdTest.navigateToForgotUserIdPageTest()]]>
              </value>
            </param>
            <param index="1">
              <value>
                <![CDATA[[TestResult name=navigateToForgotUserIdPageTest status=SUCCESS method=ForgotUserIdTest.navigateToForgotUserIdPageTest()[pri:0, instance:pagesTest.ForgotUserIdTest@6973bf95] output=Sleeping ... zZz 4000<br>]]]>
              </value>
            </param>
          </params>
          <reporter-output>
          </reporter-output>
        </test-method> <!-- afterEachTest -->
        <test-method is-config="true" signature="tearUp()[pri:0, instance:pagesTest.ForgotUserIdTest@6973bf95]" started-at="2024-09-19T13:39:23 EDT" name="tearUp" finished-at="2024-09-19T13:39:23 EDT" duration-ms="286" status="PASS">
          <reporter-output>
          </reporter-output>
        </test-method> <!-- tearUp -->
        <test-method is-config="true" signature="initialTest(java.lang.reflect.Method)[pri:0, instance:pagesTest.ForgotUserIdTest@6973bf95]" started-at="2024-09-19T13:39:23 EDT" name="initialTest" finished-at="2024-09-19T13:39:23 EDT" duration-ms="1" status="PASS">
          <params>
            <param index="0">
              <value>
                <![CDATA[public void pagesTest.ForgotUserIdTest.use_of_dropdown_selectByVisibleText_method_test()]]>
              </value>
            </param>
          </params>
          <reporter-output>
          </reporter-output>
        </test-method> <!-- initialTest -->
        <test-method is-config="true" signature="setUp(java.lang.String)[pri:0, instance:pagesTest.ForgotUserIdTest@6973bf95]" started-at="2024-09-19T13:39:23 EDT" name="setUp" finished-at="2024-09-19T13:39:28 EDT" duration-ms="4502" status="PASS">
          <params>
            <param index="0">
              <value>
                <![CDATA[chrome]]>
              </value>
            </param>
          </params>
          <reporter-output>
          </reporter-output>
        </test-method> <!-- setUp -->
        <test-method signature="use_of_dropdown_selectByVisibleText_method_test()[pri:0, instance:pagesTest.ForgotUserIdTest@6973bf95]" started-at="2024-09-19T13:39:28 EDT" name="use_of_dropdown_selectByVisibleText_method_test" finished-at="2024-09-19T13:39:36 EDT" duration-ms="8539" status="PASS">
          <reporter-output>
            <line>
              <![CDATA[Sleeping ... zZz 4000<br>]]>
            </line>
            <line>
              <![CDATA[[[ChromeDriver: chrome on mac (f3cd279860b3b5bacea9037911d5b865)] -> id: cms-forgot-userid]<---------> is Displayed, true<br>]]>
            </line>
            <line>
              <![CDATA[[[ChromeDriver: chrome on mac (f3cd279860b3b5bacea9037911d5b865)] -> id: cms-forgot-userid]<-------> has been clicked<br>]]>
            </line>
            <line>
              <![CDATA[Sleeping ... zZz 4000<br>]]>
            </line>
            <line>
              <![CDATA[Actual Title is : CMS Enterprise Portal - Forgot User ID ---> And Expected Title is :CMS Enterprise Portal - Forgot User ID<br>]]>
            </line>
            <line>
              <![CDATA[Current URL : https://portal.cms.gov/portal/forgotuserid, Expected URL : https://portal.cms.gov/portal/forgotuserid<br>]]>
            </line>
          </reporter-output>
        </test-method> <!-- use_of_dropdown_selectByVisibleText_method_test -->
        <test-method is-config="true" signature="afterEachTest(java.lang.reflect.Method,org.testng.ITestResult)[pri:0, instance:pagesTest.ForgotUserIdTest@6973bf95]" started-at="2024-09-19T13:39:36 EDT" name="afterEachTest" finished-at="2024-09-19T13:39:36 EDT" duration-ms="2" status="PASS">
          <params>
            <param index="0">
              <value>
                <![CDATA[public void pagesTest.ForgotUserIdTest.use_of_dropdown_selectByVisibleText_method_test()]]>
              </value>
            </param>
            <param index="1">
              <value>
                <![CDATA[[TestResult name=use_of_dropdown_selectByVisibleText_method_test status=SUCCESS method=ForgotUserIdTest.use_of_dropdown_selectByVisibleText_method_test()[pri:0, instance:pagesTest.ForgotUserIdTest@6973bf95] output=Sleeping ... zZz 4000<br>]]]>
              </value>
            </param>
          </params>
          <reporter-output>
          </reporter-output>
        </test-method> <!-- afterEachTest -->
        <test-method is-config="true" signature="tearUp()[pri:0, instance:pagesTest.ForgotUserIdTest@6973bf95]" started-at="2024-09-19T13:39:36 EDT" name="tearUp" finished-at="2024-09-19T13:39:37 EDT" duration-ms="203" status="PASS">
          <reporter-output>
          </reporter-output>
        </test-method> <!-- tearUp -->
        <test-method is-config="true" signature="initialTest(java.lang.reflect.Method)[pri:0, instance:pagesTest.ForgotUserIdTest@6973bf95]" started-at="2024-09-19T13:39:37 EDT" name="initialTest" finished-at="2024-09-19T13:39:37 EDT" duration-ms="1" status="PASS">
          <params>
            <param index="0">
              <value>
                <![CDATA[public void pagesTest.ForgotUserIdTest.use_of_dropdown_with_selectByIndex_method_test()]]>
              </value>
            </param>
          </params>
          <reporter-output>
          </reporter-output>
        </test-method> <!-- initialTest -->
        <test-method is-config="true" signature="setUp(java.lang.String)[pri:0, instance:pagesTest.ForgotUserIdTest@6973bf95]" started-at="2024-09-19T13:39:37 EDT" name="setUp" finished-at="2024-09-19T13:39:39 EDT" duration-ms="2667" status="PASS">
          <params>
            <param index="0">
              <value>
                <![CDATA[chrome]]>
              </value>
            </param>
          </params>
          <reporter-output>
          </reporter-output>
        </test-method> <!-- setUp -->
        <test-method signature="use_of_dropdown_with_selectByIndex_method_test()[pri:0, instance:pagesTest.ForgotUserIdTest@6973bf95]" started-at="2024-09-19T13:39:39 EDT" name="use_of_dropdown_with_selectByIndex_method_test" finished-at="2024-09-19T13:39:52 EDT" duration-ms="13050" status="PASS">
          <reporter-output>
            <line>
              <![CDATA[Sleeping ... zZz 4000<br>]]>
            </line>
            <line>
              <![CDATA[[[ChromeDriver: chrome on mac (c56c58b2a4caaf44494d260301c1cd21)] -> id: cms-forgot-userid]<---------> is Displayed, true<br>]]>
            </line>
            <line>
              <![CDATA[[[ChromeDriver: chrome on mac (c56c58b2a4caaf44494d260301c1cd21)] -> id: cms-forgot-userid]<-------> has been clicked<br>]]>
            </line>
            <line>
              <![CDATA[Sleeping ... zZz 4000<br>]]>
            </line>
            <line>
              <![CDATA[Actual Title is : CMS Enterprise Portal - Forgot User ID ---> And Expected Title is :CMS Enterprise Portal - Forgot User ID<br>]]>
            </line>
            <line>
              <![CDATA[Current URL : https://portal.cms.gov/portal/forgotuserid, Expected URL : https://portal.cms.gov/portal/forgotuserid<br>]]>
            </line>
            <line>
              <![CDATA[Sleeping ... zZz 4000<br>]]>
            </line>
          </reporter-output>
        </test-method> <!-- use_of_dropdown_with_selectByIndex_method_test -->
        <test-method is-config="true" signature="afterEachTest(java.lang.reflect.Method,org.testng.ITestResult)[pri:0, instance:pagesTest.ForgotUserIdTest@6973bf95]" started-at="2024-09-19T13:39:52 EDT" name="afterEachTest" finished-at="2024-09-19T13:39:52 EDT" duration-ms="1" status="PASS">
          <params>
            <param index="0">
              <value>
                <![CDATA[public void pagesTest.ForgotUserIdTest.use_of_dropdown_with_selectByIndex_method_test()]]>
              </value>
            </param>
            <param index="1">
              <value>
                <![CDATA[[TestResult name=use_of_dropdown_with_selectByIndex_method_test status=SUCCESS method=ForgotUserIdTest.use_of_dropdown_with_selectByIndex_method_test()[pri:0, instance:pagesTest.ForgotUserIdTest@6973bf95] output=Sleeping ... zZz 4000<br>]]]>
              </value>
            </param>
          </params>
          <reporter-output>
          </reporter-output>
        </test-method> <!-- afterEachTest -->
        <test-method is-config="true" signature="tearUp()[pri:0, instance:pagesTest.ForgotUserIdTest@6973bf95]" started-at="2024-09-19T13:39:52 EDT" name="tearUp" finished-at="2024-09-19T13:39:53 EDT" duration-ms="304" status="PASS">
          <reporter-output>
          </reporter-output>
        </test-method> <!-- tearUp -->
        <test-method is-config="true" signature="initialTest(java.lang.reflect.Method)[pri:0, instance:pagesTest.ForgotUserIdTest@6973bf95]" started-at="2024-09-19T13:39:53 EDT" name="initialTest" finished-at="2024-09-19T13:39:53 EDT" duration-ms="1" status="PASS">
          <params>
            <param index="0">
              <value>
                <![CDATA[public void pagesTest.ForgotUserIdTest.use_of_dropdown_with_selectByValue_method_test()]]>
              </value>
            </param>
          </params>
          <reporter-output>
          </reporter-output>
        </test-method> <!-- initialTest -->
        <test-method is-config="true" signature="setUp(java.lang.String)[pri:0, instance:pagesTest.ForgotUserIdTest@6973bf95]" started-at="2024-09-19T13:39:53 EDT" name="setUp" finished-at="2024-09-19T13:39:58 EDT" duration-ms="4932" status="PASS">
          <params>
            <param index="0">
              <value>
                <![CDATA[chrome]]>
              </value>
            </param>
          </params>
          <reporter-output>
          </reporter-output>
        </test-method> <!-- setUp -->
        <test-method signature="use_of_dropdown_with_selectByValue_method_test()[pri:0, instance:pagesTest.ForgotUserIdTest@6973bf95]" started-at="2024-09-19T13:39:58 EDT" name="use_of_dropdown_with_selectByValue_method_test" finished-at="2024-09-19T13:40:10 EDT" duration-ms="12451" status="PASS">
          <reporter-output>
            <line>
              <![CDATA[Sleeping ... zZz 4000<br>]]>
            </line>
            <line>
              <![CDATA[[[ChromeDriver: chrome on mac (36b7e96738be894ef828ca1649d1814a)] -> id: cms-forgot-userid]<---------> is Displayed, true<br>]]>
            </line>
            <line>
              <![CDATA[[[ChromeDriver: chrome on mac (36b7e96738be894ef828ca1649d1814a)] -> id: cms-forgot-userid]<-------> has been clicked<br>]]>
            </line>
            <line>
              <![CDATA[Sleeping ... zZz 4000<br>]]>
            </line>
            <line>
              <![CDATA[Actual Title is : CMS Enterprise Portal - Forgot User ID ---> And Expected Title is :CMS Enterprise Portal - Forgot User ID<br>]]>
            </line>
            <line>
              <![CDATA[Current URL : https://portal.cms.gov/portal/forgotuserid, Expected URL : https://portal.cms.gov/portal/forgotuserid<br>]]>
            </line>
            <line>
              <![CDATA[Sleeping ... zZz 4000<br>]]>
            </line>
          </reporter-output>
        </test-method> <!-- use_of_dropdown_with_selectByValue_method_test -->
        <test-method is-config="true" signature="afterEachTest(java.lang.reflect.Method,org.testng.ITestResult)[pri:0, instance:pagesTest.ForgotUserIdTest@6973bf95]" started-at="2024-09-19T13:40:10 EDT" name="afterEachTest" finished-at="2024-09-19T13:40:10 EDT" duration-ms="1" status="PASS">
          <params>
            <param index="0">
              <value>
                <![CDATA[public void pagesTest.ForgotUserIdTest.use_of_dropdown_with_selectByValue_method_test()]]>
              </value>
            </param>
            <param index="1">
              <value>
                <![CDATA[[TestResult name=use_of_dropdown_with_selectByValue_method_test status=SUCCESS method=ForgotUserIdTest.use_of_dropdown_with_selectByValue_method_test()[pri:0, instance:pagesTest.ForgotUserIdTest@6973bf95] output=Sleeping ... zZz 4000<br>]]]>
              </value>
            </param>
          </params>
          <reporter-output>
          </reporter-output>
        </test-method> <!-- afterEachTest -->
        <test-method is-config="true" signature="tearUp()[pri:0, instance:pagesTest.ForgotUserIdTest@6973bf95]" started-at="2024-09-19T13:40:10 EDT" name="tearUp" finished-at="2024-09-19T13:40:10 EDT" duration-ms="205" status="PASS">
          <reporter-output>
          </reporter-output>
        </test-method> <!-- tearUp -->
        <test-method is-config="true" signature="initialTest(java.lang.reflect.Method)[pri:0, instance:pagesTest.ForgotUserIdTest@6973bf95]" started-at="2024-09-19T13:40:10 EDT" name="initialTest" finished-at="2024-09-19T13:40:10 EDT" duration-ms="1" status="PASS">
          <params>
            <param index="0">
              <value>
                <![CDATA[public void pagesTest.ForgotUserIdTest.verifyForgotUserIdTest()]]>
              </value>
            </param>
          </params>
          <reporter-output>
          </reporter-output>
        </test-method> <!-- initialTest -->
        <test-method is-config="true" signature="setUp(java.lang.String)[pri:0, instance:pagesTest.ForgotUserIdTest@6973bf95]" started-at="2024-09-19T13:40:10 EDT" name="setUp" finished-at="2024-09-19T13:40:15 EDT" duration-ms="4482" status="PASS">
          <params>
            <param index="0">
              <value>
                <![CDATA[chrome]]>
              </value>
            </param>
          </params>
          <reporter-output>
          </reporter-output>
        </test-method> <!-- setUp -->
        <test-method signature="verifyForgotUserIdTest()[pri:0, instance:pagesTest.ForgotUserIdTest@6973bf95]" started-at="2024-09-19T13:40:15 EDT" name="verifyForgotUserIdTest" finished-at="2024-09-19T13:41:00 EDT" duration-ms="45605" status="FAIL">
          <exception class="org.openqa.selenium.NoSuchWindowException">
            <message>
              <![CDATA[no such window: target window already closed
from unknown error: web view not found
  (Session info: chrome=128.0.6613.138)
Build info: version: '4.22.0', revision: 'c5f3146703*'
System info: os.name: 'Mac OS X', os.arch: 'x86_64', os.version: '12.7', java.version: '22.0.1'
Driver info: org.openqa.selenium.chrome.ChromeDriver
Command: [bef4ab6db175e018c184efc50a75c6d4, findElement {value=//select[@name='cms-forgotid-birthDate'], using=xpath}]
Capabilities {acceptInsecureCerts: false, browserName: chrome, browserVersion: 128.0.6613.138, chrome: {chromedriverVersion: 128.0.6613.137 (fe621c5aa2d..., userDataDir: /var/folders/2q/c_mlfcxd4_s...}, fedcm:accounts: true, goog:chromeOptions: {debuggerAddress: localhost:53542}, networkConnectionEnabled: false, pageLoadStrategy: normal, platformName: mac, proxy: Proxy(), se:cdp: ws://localhost:53542/devtoo..., se:cdpVersion: 128.0.6613.138, setWindowRect: true, strictFileInteractability: false, timeouts: {implicit: 0, pageLoad: 300000, script: 30000}, unhandledPromptBehavior: dismiss and notify, webauthn:extension:credBlob: true, webauthn:extension:largeBlob: true, webauthn:extension:minPinLength: true, webauthn:extension:prf: true, webauthn:virtualAuthenticators: true}
Session ID: bef4ab6db175e018c184efc50a75c6d4]]>
            </message>
            <full-stacktrace>
              <![CDATA[org.openqa.selenium.NoSuchWindowException: no such window: target window already closed
from unknown error: web view not found
  (Session info: chrome=128.0.6613.138)
Build info: version: '4.22.0', revision: 'c5f3146703*'
System info: os.name: 'Mac OS X', os.arch: 'x86_64', os.version: '12.7', java.version: '22.0.1'
Driver info: org.openqa.selenium.chrome.ChromeDriver
Command: [bef4ab6db175e018c184efc50a75c6d4, findElement {value=//select[@name='cms-forgotid-birthDate'], using=xpath}]
Capabilities {acceptInsecureCerts: false, browserName: chrome, browserVersion: 128.0.6613.138, chrome: {chromedriverVersion: 128.0.6613.137 (fe621c5aa2d..., userDataDir: /var/folders/2q/c_mlfcxd4_s...}, fedcm:accounts: true, goog:chromeOptions: {debuggerAddress: localhost:53542}, networkConnectionEnabled: false, pageLoadStrategy: normal, platformName: mac, proxy: Proxy(), se:cdp: ws://localhost:53542/devtoo..., se:cdpVersion: 128.0.6613.138, setWindowRect: true, strictFileInteractability: false, timeouts: {implicit: 0, pageLoad: 300000, script: 30000}, unhandledPromptBehavior: dismiss and notify, webauthn:extension:credBlob: true, webauthn:extension:largeBlob: true, webauthn:extension:minPinLength: true, webauthn:extension:prf: true, webauthn:virtualAuthenticators: true}
Session ID: bef4ab6db175e018c184efc50a75c6d4
at java.base/jdk.internal.reflect.DirectConstructorHandleAccessor.newInstance(DirectConstructorHandleAccessor.java:62)
at java.base/java.lang.reflect.Constructor.newInstanceWithCaller(Constructor.java:502)
at java.base/java.lang.reflect.Constructor.newInstance(Constructor.java:486)
at org.openqa.selenium.remote.ErrorCodec.decode(ErrorCodec.java:167)
at org.openqa.selenium.remote.codec.w3c.W3CHttpResponseCodec.decode(W3CHttpResponseCodec.java:138)
at org.openqa.selenium.remote.codec.w3c.W3CHttpResponseCodec.decode(W3CHttpResponseCodec.java:50)
at org.openqa.selenium.remote.HttpCommandExecutor.execute(HttpCommandExecutor.java:190)
at org.openqa.selenium.remote.service.DriverCommandExecutor.invokeExecute(DriverCommandExecutor.java:216)
at org.openqa.selenium.remote.service.DriverCommandExecutor.execute(DriverCommandExecutor.java:174)
at org.openqa.selenium.remote.RemoteWebDriver.execute(RemoteWebDriver.java:518)
at org.openqa.selenium.remote.ElementLocation$ElementFinder$2.findElement(ElementLocation.java:165)
at org.openqa.selenium.remote.ElementLocation.findElement(ElementLocation.java:59)
at org.openqa.selenium.remote.RemoteWebDriver.findElement(RemoteWebDriver.java:355)
at org.openqa.selenium.remote.RemoteWebDriver.findElement(RemoteWebDriver.java:349)
at org.openqa.selenium.support.pagefactory.DefaultElementLocator.findElement(DefaultElementLocator.java:68)
at org.openqa.selenium.support.pagefactory.internal.LocatingElementHandler.invoke(LocatingElementHandler.java:38)
at jdk.proxy2/jdk.proxy2.$Proxy15.getTagName(Unknown Source)
at org.openqa.selenium.support.ui.Select.<init>(Select.java:43)
at common.CommonActions.selectDropdown(CommonActions.java:188)
at pages.ForgotUserId.verifyForgotUserId(ForgotUserId.java:109)
at pagesTest.ForgotUserIdTest.verifyForgotUserIdTest(ForgotUserIdTest.java:40)
at java.base/jdk.internal.reflect.DirectMethodHandleAccessor.invoke(DirectMethodHandleAccessor.java:103)
at java.base/java.lang.reflect.Method.invoke(Method.java:580)
at org.testng.internal.invokers.MethodInvocationHelper.invokeMethod(MethodInvocationHelper.java:141)
at org.testng.internal.invokers.TestInvoker.invokeMethod(TestInvoker.java:686)
at org.testng.internal.invokers.TestInvoker.invokeTestMethod(TestInvoker.java:230)
at org.testng.internal.invokers.MethodRunner.runInSequence(MethodRunner.java:63)
at org.testng.internal.invokers.TestInvoker$MethodInvocationAgent.invoke(TestInvoker.java:992)
at org.testng.internal.invokers.TestInvoker.invokeTestMethods(TestInvoker.java:203)
at org.testng.internal.invokers.TestMethodWorker.invokeTestMethods(TestMethodWorker.java:154)
at org.testng.internal.invokers.TestMethodWorker.run(TestMethodWorker.java:134)
at java.base/java.util.ArrayList.forEach(ArrayList.java:1597)
at org.testng.TestRunner.privateRun(TestRunner.java:739)
at org.testng.TestRunner.run(TestRunner.java:614)
at org.testng.SuiteRunner.runTest(SuiteRunner.java:421)
at org.testng.SuiteRunner.runSequentially(SuiteRunner.java:413)
at org.testng.SuiteRunner.privateRun(SuiteRunner.java:373)
at org.testng.SuiteRunner.run(SuiteRunner.java:312)
at org.testng.SuiteRunnerWorker.runSuite(SuiteRunnerWorker.java:52)
at org.testng.SuiteRunnerWorker.run(SuiteRunnerWorker.java:95)
at org.testng.TestNG.runSuitesSequentially(TestNG.java:1274)
at org.testng.TestNG.runSuitesLocally(TestNG.java:1208)
at org.testng.TestNG.runSuites(TestNG.java:1112)
at org.testng.TestNG.run(TestNG.java:1079)
at org.apache.maven.surefire.testng.TestNGExecutor.run(TestNGExecutor.java:155)
at org.apache.maven.surefire.testng.TestNGDirectoryTestSuite.executeMulti(TestNGDirectoryTestSuite.java:169)
at org.apache.maven.surefire.testng.TestNGDirectoryTestSuite.execute(TestNGDirectoryTestSuite.java:88)
at org.apache.maven.surefire.testng.TestNGProvider.invoke(TestNGProvider.java:137)
at org.apache.maven.surefire.booter.ForkedBooter.runSuitesInProcess(ForkedBooter.java:385)
at org.apache.maven.surefire.booter.ForkedBooter.execute(ForkedBooter.java:162)
at org.apache.maven.surefire.booter.ForkedBooter.run(ForkedBooter.java:507)
at org.apache.maven.surefire.booter.ForkedBooter.main(ForkedBooter.java:495)
]]>
            </full-stacktrace>
          </exception> <!-- org.openqa.selenium.NoSuchWindowException -->
          <reporter-output>
            <line>
              <![CDATA[Sleeping ... zZz 4000<br>]]>
            </line>
            <line>
              <![CDATA[[[ChromeDriver: chrome on mac (bef4ab6db175e018c184efc50a75c6d4)] -> id: cms-forgot-userid]<---------> is Displayed, true<br>]]>
            </line>
            <line>
              <![CDATA[[[ChromeDriver: chrome on mac (bef4ab6db175e018c184efc50a75c6d4)] -> id: cms-forgot-userid]<-------> has been clicked<br>]]>
            </line>
            <line>
              <![CDATA[Sleeping ... zZz 4000<br>]]>
            </line>
            <line>
              <![CDATA[Actual Title is : CMS Enterprise Portal - Forgot User ID ---> And Expected Title is :CMS Enterprise Portal - Forgot User ID<br>]]>
            </line>
            <line>
              <![CDATA[Current URL : https://portal.cms.gov/portal/forgotuserid, Expected URL : https://portal.cms.gov/portal/forgotuserid<br>]]>
            </line>
            <line>
              <![CDATA[[[ChromeDriver: chrome on mac (bef4ab6db175e018c184efc50a75c6d4)] -> xpath: //h1[contains(text(), 'Forgot User ID')]] ---> Actual Header : Forgot User ID. Expected Header : Forgot User ID<br>]]>
            </line>
            <line>
              <![CDATA[[[ChromeDriver: chrome on mac (bef4ab6db175e018c184efc50a75c6d4)] -> xpath: //p[contains(text(), 'Please e')]] ---> Actual SubHeader : Please enter the following information to retrieve your User ID.. Expected SubHeader : Please enter the following information to retrieve your User ID.<br>]]>
            </line>
            <line>
              <![CDATA[[[ChromeDriver: chrome on mac (bef4ab6db175e018c184efc50a75c6d4)] -> xpath: //p[contains(@id, 'cms-allfields-req')]] ---> Actual Other Header : All fields are required.. Expected Other Header : All fields are required.<br>]]>
            </line>
            <line>
              <![CDATA[Mohammad <-----> has been put into <-----> [[ChromeDriver: chrome on mac (bef4ab6db175e018c184efc50a75c6d4)] -> xpath: //input[contains(@id, 'cms-forgotid-fi')]]<br>]]>
            </line>
            <line>
              <![CDATA[Sleeping ... zZz 4000<br>]]>
            </line>
            <line>
              <![CDATA[Sharkar <-----> has been put into <-----> [[ChromeDriver: chrome on mac (bef4ab6db175e018c184efc50a75c6d4)] -> xpath: //input[@name='cms-forgotid-lastName']]<br>]]>
            </line>
            <line>
              <![CDATA[January is present in the dropdpwn<br>]]>
            </line>
            <line>
              <![CDATA[Sleeping ... zZz 2000<br>]]>
            </line>
            <line>
              <![CDATA[February is present in the dropdpwn<br>]]>
            </line>
            <line>
              <![CDATA[Sleeping ... zZz 2000<br>]]>
            </line>
            <line>
              <![CDATA[March is present in the dropdpwn<br>]]>
            </line>
            <line>
              <![CDATA[Sleeping ... zZz 2000<br>]]>
            </line>
            <line>
              <![CDATA[April is present in the dropdpwn<br>]]>
            </line>
            <line>
              <![CDATA[Sleeping ... zZz 2000<br>]]>
            </line>
            <line>
              <![CDATA[May is present in the dropdpwn<br>]]>
            </line>
            <line>
              <![CDATA[Sleeping ... zZz 2000<br>]]>
            </line>
            <line>
              <![CDATA[June is present in the dropdpwn<br>]]>
            </line>
            <line>
              <![CDATA[Sleeping ... zZz 2000<br>]]>
            </line>
            <line>
              <![CDATA[July is present in the dropdpwn<br>]]>
            </line>
            <line>
              <![CDATA[Sleeping ... zZz 2000<br>]]>
            </line>
            <line>
              <![CDATA[August is present in the dropdpwn<br>]]>
            </line>
            <line>
              <![CDATA[Sleeping ... zZz 2000<br>]]>
            </line>
            <line>
              <![CDATA[September is present in the dropdpwn<br>]]>
            </line>
            <line>
              <![CDATA[Sleeping ... zZz 2000<br>]]>
            </line>
            <line>
              <![CDATA[October is present in the dropdpwn<br>]]>
            </line>
            <line>
              <![CDATA[Sleeping ... zZz 2000<br>]]>
            </line>
            <line>
              <![CDATA[November is present in the dropdpwn<br>]]>
            </line>
            <line>
              <![CDATA[Sleeping ... zZz 2000<br>]]>
            </line>
            <line>
              <![CDATA[December is present in the dropdpwn<br>]]>
            </line>
            <line>
              <![CDATA[Sleeping ... zZz 2000<br>]]>
            </line>
            <line>
              <![CDATA[Total Element: 12 is present in the dropdown<br>]]>
            </line>
            <line>
              <![CDATA[June has been selected from the dropdown of ---> [[ChromeDriver: chrome on mac (bef4ab6db175e018c184efc50a75c6d4)] -> xpath: //select[contains(@name, 'cms-forgotid-birthM')]]<br>]]>
            </line>
            <line>
              <![CDATA[Sleeping ... zZz 4000<br>]]>
            </line>
          </reporter-output>
        </test-method> <!-- verifyForgotUserIdTest -->
        <test-method is-config="true" signature="afterEachTest(java.lang.reflect.Method,org.testng.ITestResult)[pri:0, instance:pagesTest.ForgotUserIdTest@6973bf95]" started-at="2024-09-19T13:41:00 EDT" name="afterEachTest" finished-at="2024-09-19T13:41:00 EDT" duration-ms="20" status="PASS">
          <params>
            <param index="0">
              <value>
                <![CDATA[public void pagesTest.ForgotUserIdTest.verifyForgotUserIdTest()]]>
              </value>
            </param>
            <param index="1">
              <value>
                <![CDATA[[TestResult name=verifyForgotUserIdTest status=FAILURE method=ForgotUserIdTest.verifyForgotUserIdTest()[pri:0, instance:pagesTest.ForgotUserIdTest@6973bf95] output=Sleeping ... zZz 4000<br>]]]>
              </value>
            </param>
          </params>
          <reporter-output>
            <line>
              <![CDATA[Screenshot cannot be captured<br>]]>
            </line>
          </reporter-output>
        </test-method> <!-- afterEachTest -->
        <test-method is-config="true" signature="tearUp()[pri:0, instance:pagesTest.ForgotUserIdTest@6973bf95]" started-at="2024-09-19T13:41:00 EDT" name="tearUp" finished-at="2024-09-19T13:41:01 EDT" duration-ms="209" status="PASS">
          <reporter-output>
          </reporter-output>
        </test-method> <!-- tearUp -->
        <test-method is-config="true" signature="publishReport()[pri:0, instance:pagesTest.ForgotUserIdTest@6973bf95]" started-at="2024-09-19T13:41:01 EDT" name="publishReport" finished-at="2024-09-19T13:41:02 EDT" duration-ms="845" status="PASS">
          <reporter-output>
          </reporter-output>
        </test-method> <!-- publishReport -->
      </class> <!-- pagesTest.ForgotUserIdTest -->
      <class name="pagesTest.HomePageTest">
        <test-method is-config="true" signature="initialTest(java.lang.reflect.Method)[pri:0, instance:pagesTest.HomePageTest@43301423]" started-at="2024-09-19T13:41:01 EDT" name="initialTest" finished-at="2024-09-19T13:41:01 EDT" duration-ms="2" status="FAIL">
          <params>
            <param index="0">
              <value>
                <![CDATA[public void pagesTest.HomePageTest.alternate_of_click_method_test()]]>
              </value>
            </param>
          </params>
          <exception class="java.lang.NullPointerException">
            <message>
              <![CDATA[Cannot invoke "com.aventstack.extentreports.ExtentReports.createTest(String)" because "extentReports" is null]]>
            </message>
            <full-stacktrace>
              <![CDATA[java.lang.NullPointerException: Cannot invoke "com.aventstack.extentreports.ExtentReports.createTest(String)" because "extentReports" is null
at reports.TestManager.createTest(TestManager.java:14)
at baseUtil.BaseClass.initialTest(BaseClass.java:50)
at java.base/jdk.internal.reflect.DirectMethodHandleAccessor.invoke(DirectMethodHandleAccessor.java:103)
at java.base/java.lang.reflect.Method.invoke(Method.java:580)
at org.testng.internal.invokers.MethodInvocationHelper.invokeMethod(MethodInvocationHelper.java:141)
at org.testng.internal.invokers.MethodInvocationHelper.invokeMethodConsideringTimeout(MethodInvocationHelper.java:71)
at org.testng.internal.invokers.ConfigInvoker.invokeConfigurationMethod(ConfigInvoker.java:400)
at org.testng.internal.invokers.ConfigInvoker.invokeConfigurations(ConfigInvoker.java:333)
at org.testng.internal.invokers.TestInvoker.runConfigMethods(TestInvoker.java:833)
at org.testng.internal.invokers.TestInvoker.invokeMethod(TestInvoker.java:600)
at org.testng.internal.invokers.TestInvoker.invokeTestMethod(TestInvoker.java:230)
at org.testng.internal.invokers.MethodRunner.runInSequence(MethodRunner.java:63)
at org.testng.internal.invokers.TestInvoker$MethodInvocationAgent.invoke(TestInvoker.java:992)
at org.testng.internal.invokers.TestInvoker.invokeTestMethods(TestInvoker.java:203)
at org.testng.internal.invokers.TestMethodWorker.invokeTestMethods(TestMethodWorker.java:154)
at org.testng.internal.invokers.TestMethodWorker.run(TestMethodWorker.java:134)
at java.base/java.util.ArrayList.forEach(ArrayList.java:1597)
at org.testng.TestRunner.privateRun(TestRunner.java:739)
at org.testng.TestRunner.run(TestRunner.java:614)
at org.testng.SuiteRunner.runTest(SuiteRunner.java:421)
at org.testng.SuiteRunner.runSequentially(SuiteRunner.java:413)
at org.testng.SuiteRunner.privateRun(SuiteRunner.java:373)
at org.testng.SuiteRunner.run(SuiteRunner.java:312)
at org.testng.SuiteRunnerWorker.runSuite(SuiteRunnerWorker.java:52)
at org.testng.SuiteRunnerWorker.run(SuiteRunnerWorker.java:95)
at org.testng.TestNG.runSuitesSequentially(TestNG.java:1274)
at org.testng.TestNG.runSuitesLocally(TestNG.java:1208)
at org.testng.TestNG.runSuites(TestNG.java:1112)
at org.testng.TestNG.run(TestNG.java:1079)
at org.apache.maven.surefire.testng.TestNGExecutor.run(TestNGExecutor.java:155)
at org.apache.maven.surefire.testng.TestNGDirectoryTestSuite.executeMulti(TestNGDirectoryTestSuite.java:169)
at org.apache.maven.surefire.testng.TestNGDirectoryTestSuite.execute(TestNGDirectoryTestSuite.java:88)
at org.apache.maven.surefire.testng.TestNGProvider.invoke(TestNGProvider.java:137)
at org.apache.maven.surefire.booter.ForkedBooter.runSuitesInProcess(ForkedBooter.java:385)
at org.apache.maven.surefire.booter.ForkedBooter.execute(ForkedBooter.java:162)
at org.apache.maven.surefire.booter.ForkedBooter.run(ForkedBooter.java:507)
at org.apache.maven.surefire.booter.ForkedBooter.main(ForkedBooter.java:495)
]]>
            </full-stacktrace>
          </exception> <!-- java.lang.NullPointerException -->
          <reporter-output>
          </reporter-output>
        </test-method> <!-- initialTest -->
        <test-method is-config="true" signature="setUp(java.lang.String)[pri:0, instance:pagesTest.HomePageTest@43301423]" started-at="2024-09-19T13:41:01 EDT" name="setUp" finished-at="2024-09-19T13:41:01 EDT" duration-ms="0" status="SKIP">
          <reporter-output>
          </reporter-output>
        </test-method> <!-- setUp -->
        <test-method signature="alternate_of_click_method_test()[pri:0, instance:pagesTest.HomePageTest@43301423]" started-at="2024-09-19T13:41:01 EDT" name="alternate_of_click_method_test" finished-at="2024-09-19T13:41:01 EDT" duration-ms="0" status="SKIP">
          <exception class="java.lang.NullPointerException">
            <message>
              <![CDATA[Cannot invoke "com.aventstack.extentreports.ExtentReports.createTest(String)" because "extentReports" is null]]>
            </message>
            <full-stacktrace>
              <![CDATA[java.lang.NullPointerException: Cannot invoke "com.aventstack.extentreports.ExtentReports.createTest(String)" because "extentReports" is null
at reports.TestManager.createTest(TestManager.java:14)
at baseUtil.BaseClass.initialTest(BaseClass.java:50)
at java.base/jdk.internal.reflect.DirectMethodHandleAccessor.invoke(DirectMethodHandleAccessor.java:103)
at java.base/java.lang.reflect.Method.invoke(Method.java:580)
at org.testng.internal.invokers.MethodInvocationHelper.invokeMethod(MethodInvocationHelper.java:141)
at org.testng.internal.invokers.MethodInvocationHelper.invokeMethodConsideringTimeout(MethodInvocationHelper.java:71)
at org.testng.internal.invokers.ConfigInvoker.invokeConfigurationMethod(ConfigInvoker.java:400)
at org.testng.internal.invokers.ConfigInvoker.invokeConfigurations(ConfigInvoker.java:333)
at org.testng.internal.invokers.TestInvoker.runConfigMethods(TestInvoker.java:833)
at org.testng.internal.invokers.TestInvoker.invokeMethod(TestInvoker.java:600)
at org.testng.internal.invokers.TestInvoker.invokeTestMethod(TestInvoker.java:230)
at org.testng.internal.invokers.MethodRunner.runInSequence(MethodRunner.java:63)
at org.testng.internal.invokers.TestInvoker$MethodInvocationAgent.invoke(TestInvoker.java:992)
at org.testng.internal.invokers.TestInvoker.invokeTestMethods(TestInvoker.java:203)
at org.testng.internal.invokers.TestMethodWorker.invokeTestMethods(TestMethodWorker.java:154)
at org.testng.internal.invokers.TestMethodWorker.run(TestMethodWorker.java:134)
at java.base/java.util.ArrayList.forEach(ArrayList.java:1597)
at org.testng.TestRunner.privateRun(TestRunner.java:739)
at org.testng.TestRunner.run(TestRunner.java:614)
at org.testng.SuiteRunner.runTest(SuiteRunner.java:421)
at org.testng.SuiteRunner.runSequentially(SuiteRunner.java:413)
at org.testng.SuiteRunner.privateRun(SuiteRunner.java:373)
at org.testng.SuiteRunner.run(SuiteRunner.java:312)
at org.testng.SuiteRunnerWorker.runSuite(SuiteRunnerWorker.java:52)
at org.testng.SuiteRunnerWorker.run(SuiteRunnerWorker.java:95)
at org.testng.TestNG.runSuitesSequentially(TestNG.java:1274)
at org.testng.TestNG.runSuitesLocally(TestNG.java:1208)
at org.testng.TestNG.runSuites(TestNG.java:1112)
at org.testng.TestNG.run(TestNG.java:1079)
at org.apache.maven.surefire.testng.TestNGExecutor.run(TestNGExecutor.java:155)
at org.apache.maven.surefire.testng.TestNGDirectoryTestSuite.executeMulti(TestNGDirectoryTestSuite.java:169)
at org.apache.maven.surefire.testng.TestNGDirectoryTestSuite.execute(TestNGDirectoryTestSuite.java:88)
at org.apache.maven.surefire.testng.TestNGProvider.invoke(TestNGProvider.java:137)
at org.apache.maven.surefire.booter.ForkedBooter.runSuitesInProcess(ForkedBooter.java:385)
at org.apache.maven.surefire.booter.ForkedBooter.execute(ForkedBooter.java:162)
at org.apache.maven.surefire.booter.ForkedBooter.run(ForkedBooter.java:507)
at org.apache.maven.surefire.booter.ForkedBooter.main(ForkedBooter.java:495)
]]>
            </full-stacktrace>
          </exception> <!-- java.lang.NullPointerException -->
          <reporter-output>
          </reporter-output>
        </test-method> <!-- alternate_of_click_method_test -->
        <test-method is-config="true" signature="afterEachTest(java.lang.reflect.Method,org.testng.ITestResult)[pri:0, instance:pagesTest.HomePageTest@43301423]" started-at="2024-09-19T13:41:01 EDT" name="afterEachTest" finished-at="2024-09-19T13:41:01 EDT" duration-ms="0" status="SKIP">
          <reporter-output>
          </reporter-output>
        </test-method> <!-- afterEachTest -->
        <test-method is-config="true" signature="tearUp()[pri:0, instance:pagesTest.HomePageTest@43301423]" started-at="2024-09-19T13:41:01 EDT" name="tearUp" finished-at="2024-09-19T13:41:01 EDT" duration-ms="0" status="SKIP">
          <reporter-output>
          </reporter-output>
        </test-method> <!-- tearUp -->
        <test-method is-config="true" signature="initialTest(java.lang.reflect.Method)[pri:0, instance:pagesTest.HomePageTest@43301423]" started-at="2024-09-19T13:41:01 EDT" name="initialTest" finished-at="2024-09-19T13:41:01 EDT" duration-ms="0" status="SKIP">
          <reporter-output>
          </reporter-output>
        </test-method> <!-- initialTest -->
        <test-method is-config="true" signature="setUp(java.lang.String)[pri:0, instance:pagesTest.HomePageTest@43301423]" started-at="2024-09-19T13:41:01 EDT" name="setUp" finished-at="2024-09-19T13:41:01 EDT" duration-ms="0" status="SKIP">
          <reporter-output>
          </reporter-output>
        </test-method> <!-- setUp -->
        <test-method signature="alternate_of_send_keys_method_test()[pri:0, instance:pagesTest.HomePageTest@43301423]" started-at="2024-09-19T13:41:01 EDT" name="alternate_of_send_keys_method_test" finished-at="2024-09-19T13:41:01 EDT" duration-ms="0" status="SKIP">
          <exception class="java.lang.NullPointerException">
            <message>
              <![CDATA[Cannot invoke "com.aventstack.extentreports.ExtentReports.createTest(String)" because "extentReports" is null]]>
            </message>
            <full-stacktrace>
              <![CDATA[java.lang.NullPointerException: Cannot invoke "com.aventstack.extentreports.ExtentReports.createTest(String)" because "extentReports" is null
at reports.TestManager.createTest(TestManager.java:14)
at baseUtil.BaseClass.initialTest(BaseClass.java:50)
at java.base/jdk.internal.reflect.DirectMethodHandleAccessor.invoke(DirectMethodHandleAccessor.java:103)
at java.base/java.lang.reflect.Method.invoke(Method.java:580)
at org.testng.internal.invokers.MethodInvocationHelper.invokeMethod(MethodInvocationHelper.java:141)
at org.testng.internal.invokers.MethodInvocationHelper.invokeMethodConsideringTimeout(MethodInvocationHelper.java:71)
at org.testng.internal.invokers.ConfigInvoker.invokeConfigurationMethod(ConfigInvoker.java:400)
at org.testng.internal.invokers.ConfigInvoker.invokeConfigurations(ConfigInvoker.java:333)
at org.testng.internal.invokers.TestInvoker.runConfigMethods(TestInvoker.java:833)
at org.testng.internal.invokers.TestInvoker.invokeMethod(TestInvoker.java:600)
at org.testng.internal.invokers.TestInvoker.invokeTestMethod(TestInvoker.java:230)
at org.testng.internal.invokers.MethodRunner.runInSequence(MethodRunner.java:63)
at org.testng.internal.invokers.TestInvoker$MethodInvocationAgent.invoke(TestInvoker.java:992)
at org.testng.internal.invokers.TestInvoker.invokeTestMethods(TestInvoker.java:203)
at org.testng.internal.invokers.TestMethodWorker.invokeTestMethods(TestMethodWorker.java:154)
at org.testng.internal.invokers.TestMethodWorker.run(TestMethodWorker.java:134)
at java.base/java.util.ArrayList.forEach(ArrayList.java:1597)
at org.testng.TestRunner.privateRun(TestRunner.java:739)
at org.testng.TestRunner.run(TestRunner.java:614)
at org.testng.SuiteRunner.runTest(SuiteRunner.java:421)
at org.testng.SuiteRunner.runSequentially(SuiteRunner.java:413)
at org.testng.SuiteRunner.privateRun(SuiteRunner.java:373)
at org.testng.SuiteRunner.run(SuiteRunner.java:312)
at org.testng.SuiteRunnerWorker.runSuite(SuiteRunnerWorker.java:52)
at org.testng.SuiteRunnerWorker.run(SuiteRunnerWorker.java:95)
at org.testng.TestNG.runSuitesSequentially(TestNG.java:1274)
at org.testng.TestNG.runSuitesLocally(TestNG.java:1208)
at org.testng.TestNG.runSuites(TestNG.java:1112)
at org.testng.TestNG.run(TestNG.java:1079)
at org.apache.maven.surefire.testng.TestNGExecutor.run(TestNGExecutor.java:155)
at org.apache.maven.surefire.testng.TestNGDirectoryTestSuite.executeMulti(TestNGDirectoryTestSuite.java:169)
at org.apache.maven.surefire.testng.TestNGDirectoryTestSuite.execute(TestNGDirectoryTestSuite.java:88)
at org.apache.maven.surefire.testng.TestNGProvider.invoke(TestNGProvider.java:137)
at org.apache.maven.surefire.booter.ForkedBooter.runSuitesInProcess(ForkedBooter.java:385)
at org.apache.maven.surefire.booter.ForkedBooter.execute(ForkedBooter.java:162)
at org.apache.maven.surefire.booter.ForkedBooter.run(ForkedBooter.java:507)
at org.apache.maven.surefire.booter.ForkedBooter.main(ForkedBooter.java:495)
]]>
            </full-stacktrace>
          </exception> <!-- java.lang.NullPointerException -->
          <reporter-output>
          </reporter-output>
        </test-method> <!-- alternate_of_send_keys_method_test -->
        <test-method is-config="true" signature="afterEachTest(java.lang.reflect.Method,org.testng.ITestResult)[pri:0, instance:pagesTest.HomePageTest@43301423]" started-at="2024-09-19T13:41:01 EDT" name="afterEachTest" finished-at="2024-09-19T13:41:01 EDT" duration-ms="0" status="SKIP">
          <reporter-output>
          </reporter-output>
        </test-method> <!-- afterEachTest -->
        <test-method is-config="true" signature="tearUp()[pri:0, instance:pagesTest.HomePageTest@43301423]" started-at="2024-09-19T13:41:01 EDT" name="tearUp" finished-at="2024-09-19T13:41:01 EDT" duration-ms="0" status="SKIP">
          <reporter-output>
          </reporter-output>
        </test-method> <!-- tearUp -->
        <test-method is-config="true" signature="initialTest(java.lang.reflect.Method)[pri:0, instance:pagesTest.HomePageTest@43301423]" started-at="2024-09-19T13:41:01 EDT" name="initialTest" finished-at="2024-09-19T13:41:01 EDT" duration-ms="0" status="SKIP">
          <reporter-output>
          </reporter-output>
        </test-method> <!-- initialTest -->
        <test-method signature="authentication_pop_up_test()[pri:0, instance:pagesTest.HomePageTest@43301423]" started-at="2024-09-19T13:41:01 EDT" name="authentication_pop_up_test" finished-at="2024-09-19T13:41:01 EDT" duration-ms="1" status="SKIP">
          <exception class="java.lang.NullPointerException">
            <message>
              <![CDATA[Cannot invoke "com.aventstack.extentreports.ExtentReports.createTest(String)" because "extentReports" is null]]>
            </message>
            <full-stacktrace>
              <![CDATA[java.lang.NullPointerException: Cannot invoke "com.aventstack.extentreports.ExtentReports.createTest(String)" because "extentReports" is null
at reports.TestManager.createTest(TestManager.java:14)
at baseUtil.BaseClass.initialTest(BaseClass.java:50)
at java.base/jdk.internal.reflect.DirectMethodHandleAccessor.invoke(DirectMethodHandleAccessor.java:103)
at java.base/java.lang.reflect.Method.invoke(Method.java:580)
at org.testng.internal.invokers.MethodInvocationHelper.invokeMethod(MethodInvocationHelper.java:141)
at org.testng.internal.invokers.MethodInvocationHelper.invokeMethodConsideringTimeout(MethodInvocationHelper.java:71)
at org.testng.internal.invokers.ConfigInvoker.invokeConfigurationMethod(ConfigInvoker.java:400)
at org.testng.internal.invokers.ConfigInvoker.invokeConfigurations(ConfigInvoker.java:333)
at org.testng.internal.invokers.TestInvoker.runConfigMethods(TestInvoker.java:833)
at org.testng.internal.invokers.TestInvoker.invokeMethod(TestInvoker.java:600)
at org.testng.internal.invokers.TestInvoker.invokeTestMethod(TestInvoker.java:230)
at org.testng.internal.invokers.MethodRunner.runInSequence(MethodRunner.java:63)
at org.testng.internal.invokers.TestInvoker$MethodInvocationAgent.invoke(TestInvoker.java:992)
at org.testng.internal.invokers.TestInvoker.invokeTestMethods(TestInvoker.java:203)
at org.testng.internal.invokers.TestMethodWorker.invokeTestMethods(TestMethodWorker.java:154)
at org.testng.internal.invokers.TestMethodWorker.run(TestMethodWorker.java:134)
at java.base/java.util.ArrayList.forEach(ArrayList.java:1597)
at org.testng.TestRunner.privateRun(TestRunner.java:739)
at org.testng.TestRunner.run(TestRunner.java:614)
at org.testng.SuiteRunner.runTest(SuiteRunner.java:421)
at org.testng.SuiteRunner.runSequentially(SuiteRunner.java:413)
at org.testng.SuiteRunner.privateRun(SuiteRunner.java:373)
at org.testng.SuiteRunner.run(SuiteRunner.java:312)
at org.testng.SuiteRunnerWorker.runSuite(SuiteRunnerWorker.java:52)
at org.testng.SuiteRunnerWorker.run(SuiteRunnerWorker.java:95)
at org.testng.TestNG.runSuitesSequentially(TestNG.java:1274)
at org.testng.TestNG.runSuitesLocally(TestNG.java:1208)
at org.testng.TestNG.runSuites(TestNG.java:1112)
at org.testng.TestNG.run(TestNG.java:1079)
at org.apache.maven.surefire.testng.TestNGExecutor.run(TestNGExecutor.java:155)
at org.apache.maven.surefire.testng.TestNGDirectoryTestSuite.executeMulti(TestNGDirectoryTestSuite.java:169)
at org.apache.maven.surefire.testng.TestNGDirectoryTestSuite.execute(TestNGDirectoryTestSuite.java:88)
at org.apache.maven.surefire.testng.TestNGProvider.invoke(TestNGProvider.java:137)
at org.apache.maven.surefire.booter.ForkedBooter.runSuitesInProcess(ForkedBooter.java:385)
at org.apache.maven.surefire.booter.ForkedBooter.execute(ForkedBooter.java:162)
at org.apache.maven.surefire.booter.ForkedBooter.run(ForkedBooter.java:507)
at org.apache.maven.surefire.booter.ForkedBooter.main(ForkedBooter.java:495)
]]>
            </full-stacktrace>
          </exception> <!-- java.lang.NullPointerException -->
          <reporter-output>
          </reporter-output>
        </test-method> <!-- authentication_pop_up_test -->
        <test-method is-config="true" signature="setUp(java.lang.String)[pri:0, instance:pagesTest.HomePageTest@43301423]" started-at="2024-09-19T13:41:01 EDT" name="setUp" finished-at="2024-09-19T13:41:01 EDT" duration-ms="0" status="SKIP">
          <reporter-output>
          </reporter-output>
        </test-method> <!-- setUp -->
        <test-method is-config="true" signature="afterEachTest(java.lang.reflect.Method,org.testng.ITestResult)[pri:0, instance:pagesTest.HomePageTest@43301423]" started-at="2024-09-19T13:41:01 EDT" name="afterEachTest" finished-at="2024-09-19T13:41:01 EDT" duration-ms="0" status="SKIP">
          <reporter-output>
          </reporter-output>
        </test-method> <!-- afterEachTest -->
        <test-method is-config="true" signature="tearUp()[pri:0, instance:pagesTest.HomePageTest@43301423]" started-at="2024-09-19T13:41:01 EDT" name="tearUp" finished-at="2024-09-19T13:41:01 EDT" duration-ms="0" status="SKIP">
          <reporter-output>
          </reporter-output>
        </test-method> <!-- tearUp -->
        <test-method is-config="true" signature="initialTest(java.lang.reflect.Method)[pri:0, instance:pagesTest.HomePageTest@43301423]" started-at="2024-09-19T13:41:01 EDT" name="initialTest" finished-at="2024-09-19T13:41:01 EDT" duration-ms="0" status="SKIP">
          <reporter-output>
          </reporter-output>
        </test-method> <!-- initialTest -->
        <test-method signature="clickNewUserRegistrationTest()[pri:0, instance:pagesTest.HomePageTest@43301423]" started-at="2024-09-19T13:41:01 EDT" name="clickNewUserRegistrationTest" finished-at="2024-09-19T13:41:01 EDT" duration-ms="0" status="SKIP">
          <exception class="java.lang.NullPointerException">
            <message>
              <![CDATA[Cannot invoke "com.aventstack.extentreports.ExtentReports.createTest(String)" because "extentReports" is null]]>
            </message>
            <full-stacktrace>
              <![CDATA[java.lang.NullPointerException: Cannot invoke "com.aventstack.extentreports.ExtentReports.createTest(String)" because "extentReports" is null
at reports.TestManager.createTest(TestManager.java:14)
at baseUtil.BaseClass.initialTest(BaseClass.java:50)
at java.base/jdk.internal.reflect.DirectMethodHandleAccessor.invoke(DirectMethodHandleAccessor.java:103)
at java.base/java.lang.reflect.Method.invoke(Method.java:580)
at org.testng.internal.invokers.MethodInvocationHelper.invokeMethod(MethodInvocationHelper.java:141)
at org.testng.internal.invokers.MethodInvocationHelper.invokeMethodConsideringTimeout(MethodInvocationHelper.java:71)
at org.testng.internal.invokers.ConfigInvoker.invokeConfigurationMethod(ConfigInvoker.java:400)
at org.testng.internal.invokers.ConfigInvoker.invokeConfigurations(ConfigInvoker.java:333)
at org.testng.internal.invokers.TestInvoker.runConfigMethods(TestInvoker.java:833)
at org.testng.internal.invokers.TestInvoker.invokeMethod(TestInvoker.java:600)
at org.testng.internal.invokers.TestInvoker.invokeTestMethod(TestInvoker.java:230)
at org.testng.internal.invokers.MethodRunner.runInSequence(MethodRunner.java:63)
at org.testng.internal.invokers.TestInvoker$MethodInvocationAgent.invoke(TestInvoker.java:992)
at org.testng.internal.invokers.TestInvoker.invokeTestMethods(TestInvoker.java:203)
at org.testng.internal.invokers.TestMethodWorker.invokeTestMethods(TestMethodWorker.java:154)
at org.testng.internal.invokers.TestMethodWorker.run(TestMethodWorker.java:134)
at java.base/java.util.ArrayList.forEach(ArrayList.java:1597)
at org.testng.TestRunner.privateRun(TestRunner.java:739)
at org.testng.TestRunner.run(TestRunner.java:614)
at org.testng.SuiteRunner.runTest(SuiteRunner.java:421)
at org.testng.SuiteRunner.runSequentially(SuiteRunner.java:413)
at org.testng.SuiteRunner.privateRun(SuiteRunner.java:373)
at org.testng.SuiteRunner.run(SuiteRunner.java:312)
at org.testng.SuiteRunnerWorker.runSuite(SuiteRunnerWorker.java:52)
at org.testng.SuiteRunnerWorker.run(SuiteRunnerWorker.java:95)
at org.testng.TestNG.runSuitesSequentially(TestNG.java:1274)
at org.testng.TestNG.runSuitesLocally(TestNG.java:1208)
at org.testng.TestNG.runSuites(TestNG.java:1112)
at org.testng.TestNG.run(TestNG.java:1079)
at org.apache.maven.surefire.testng.TestNGExecutor.run(TestNGExecutor.java:155)
at org.apache.maven.surefire.testng.TestNGDirectoryTestSuite.executeMulti(TestNGDirectoryTestSuite.java:169)
at org.apache.maven.surefire.testng.TestNGDirectoryTestSuite.execute(TestNGDirectoryTestSuite.java:88)
at org.apache.maven.surefire.testng.TestNGProvider.invoke(TestNGProvider.java:137)
at org.apache.maven.surefire.booter.ForkedBooter.runSuitesInProcess(ForkedBooter.java:385)
at org.apache.maven.surefire.booter.ForkedBooter.execute(ForkedBooter.java:162)
at org.apache.maven.surefire.booter.ForkedBooter.run(ForkedBooter.java:507)
at org.apache.maven.surefire.booter.ForkedBooter.main(ForkedBooter.java:495)
]]>
            </full-stacktrace>
          </exception> <!-- java.lang.NullPointerException -->
          <reporter-output>
          </reporter-output>
        </test-method> <!-- clickNewUserRegistrationTest -->
        <test-method is-config="true" signature="setUp(java.lang.String)[pri:0, instance:pagesTest.HomePageTest@43301423]" started-at="2024-09-19T13:41:01 EDT" name="setUp" finished-at="2024-09-19T13:41:01 EDT" duration-ms="0" status="SKIP">
          <reporter-output>
          </reporter-output>
        </test-method> <!-- setUp -->
        <test-method is-config="true" signature="afterEachTest(java.lang.reflect.Method,org.testng.ITestResult)[pri:0, instance:pagesTest.HomePageTest@43301423]" started-at="2024-09-19T13:41:01 EDT" name="afterEachTest" finished-at="2024-09-19T13:41:01 EDT" duration-ms="0" status="SKIP">
          <reporter-output>
          </reporter-output>
        </test-method> <!-- afterEachTest -->
        <test-method is-config="true" signature="tearUp()[pri:0, instance:pagesTest.HomePageTest@43301423]" started-at="2024-09-19T13:41:01 EDT" name="tearUp" finished-at="2024-09-19T13:41:01 EDT" duration-ms="0" status="SKIP">
          <reporter-output>
          </reporter-output>
        </test-method> <!-- tearUp -->
        <test-method is-config="true" signature="initialTest(java.lang.reflect.Method)[pri:0, instance:pagesTest.HomePageTest@43301423]" started-at="2024-09-19T13:41:01 EDT" name="initialTest" finished-at="2024-09-19T13:41:01 EDT" duration-ms="0" status="SKIP">
          <reporter-output>
          </reporter-output>
        </test-method> <!-- initialTest -->
        <test-method is-config="true" signature="setUp(java.lang.String)[pri:0, instance:pagesTest.HomePageTest@43301423]" started-at="2024-09-19T13:41:01 EDT" name="setUp" finished-at="2024-09-19T13:41:01 EDT" duration-ms="0" status="SKIP">
          <reporter-output>
          </reporter-output>
        </test-method> <!-- setUp -->
        <test-method signature="clickPasswordTest()[pri:0, instance:pagesTest.HomePageTest@43301423]" started-at="2024-09-19T13:41:01 EDT" name="clickPasswordTest" finished-at="2024-09-19T13:41:01 EDT" duration-ms="0" status="SKIP">
          <exception class="java.lang.NullPointerException">
            <message>
              <![CDATA[Cannot invoke "com.aventstack.extentreports.ExtentReports.createTest(String)" because "extentReports" is null]]>
            </message>
            <full-stacktrace>
              <![CDATA[java.lang.NullPointerException: Cannot invoke "com.aventstack.extentreports.ExtentReports.createTest(String)" because "extentReports" is null
at reports.TestManager.createTest(TestManager.java:14)
at baseUtil.BaseClass.initialTest(BaseClass.java:50)
at java.base/jdk.internal.reflect.DirectMethodHandleAccessor.invoke(DirectMethodHandleAccessor.java:103)
at java.base/java.lang.reflect.Method.invoke(Method.java:580)
at org.testng.internal.invokers.MethodInvocationHelper.invokeMethod(MethodInvocationHelper.java:141)
at org.testng.internal.invokers.MethodInvocationHelper.invokeMethodConsideringTimeout(MethodInvocationHelper.java:71)
at org.testng.internal.invokers.ConfigInvoker.invokeConfigurationMethod(ConfigInvoker.java:400)
at org.testng.internal.invokers.ConfigInvoker.invokeConfigurations(ConfigInvoker.java:333)
at org.testng.internal.invokers.TestInvoker.runConfigMethods(TestInvoker.java:833)
at org.testng.internal.invokers.TestInvoker.invokeMethod(TestInvoker.java:600)
at org.testng.internal.invokers.TestInvoker.invokeTestMethod(TestInvoker.java:230)
at org.testng.internal.invokers.MethodRunner.runInSequence(MethodRunner.java:63)
at org.testng.internal.invokers.TestInvoker$MethodInvocationAgent.invoke(TestInvoker.java:992)
at org.testng.internal.invokers.TestInvoker.invokeTestMethods(TestInvoker.java:203)
at org.testng.internal.invokers.TestMethodWorker.invokeTestMethods(TestMethodWorker.java:154)
at org.testng.internal.invokers.TestMethodWorker.run(TestMethodWorker.java:134)
at java.base/java.util.ArrayList.forEach(ArrayList.java:1597)
at org.testng.TestRunner.privateRun(TestRunner.java:739)
at org.testng.TestRunner.run(TestRunner.java:614)
at org.testng.SuiteRunner.runTest(SuiteRunner.java:421)
at org.testng.SuiteRunner.runSequentially(SuiteRunner.java:413)
at org.testng.SuiteRunner.privateRun(SuiteRunner.java:373)
at org.testng.SuiteRunner.run(SuiteRunner.java:312)
at org.testng.SuiteRunnerWorker.runSuite(SuiteRunnerWorker.java:52)
at org.testng.SuiteRunnerWorker.run(SuiteRunnerWorker.java:95)
at org.testng.TestNG.runSuitesSequentially(TestNG.java:1274)
at org.testng.TestNG.runSuitesLocally(TestNG.java:1208)
at org.testng.TestNG.runSuites(TestNG.java:1112)
at org.testng.TestNG.run(TestNG.java:1079)
at org.apache.maven.surefire.testng.TestNGExecutor.run(TestNGExecutor.java:155)
at org.apache.maven.surefire.testng.TestNGDirectoryTestSuite.executeMulti(TestNGDirectoryTestSuite.java:169)
at org.apache.maven.surefire.testng.TestNGDirectoryTestSuite.execute(TestNGDirectoryTestSuite.java:88)
at org.apache.maven.surefire.testng.TestNGProvider.invoke(TestNGProvider.java:137)
at org.apache.maven.surefire.booter.ForkedBooter.runSuitesInProcess(ForkedBooter.java:385)
at org.apache.maven.surefire.booter.ForkedBooter.execute(ForkedBooter.java:162)
at org.apache.maven.surefire.booter.ForkedBooter.run(ForkedBooter.java:507)
at org.apache.maven.surefire.booter.ForkedBooter.main(ForkedBooter.java:495)
]]>
            </full-stacktrace>
          </exception> <!-- java.lang.NullPointerException -->
          <reporter-output>
          </reporter-output>
        </test-method> <!-- clickPasswordTest -->
        <test-method is-config="true" signature="tearUp()[pri:0, instance:pagesTest.HomePageTest@43301423]" started-at="2024-09-19T13:41:01 EDT" name="tearUp" finished-at="2024-09-19T13:41:01 EDT" duration-ms="0" status="SKIP">
          <reporter-output>
          </reporter-output>
        </test-method> <!-- tearUp -->
        <test-method is-config="true" signature="afterEachTest(java.lang.reflect.Method,org.testng.ITestResult)[pri:0, instance:pagesTest.HomePageTest@43301423]" started-at="2024-09-19T13:41:01 EDT" name="afterEachTest" finished-at="2024-09-19T13:41:01 EDT" duration-ms="0" status="SKIP">
          <reporter-output>
          </reporter-output>
        </test-method> <!-- afterEachTest -->
        <test-method is-config="true" signature="initialTest(java.lang.reflect.Method)[pri:0, instance:pagesTest.HomePageTest@43301423]" started-at="2024-09-19T13:41:01 EDT" name="initialTest" finished-at="2024-09-19T13:41:01 EDT" duration-ms="0" status="SKIP">
          <reporter-output>
          </reporter-output>
        </test-method> <!-- initialTest -->
        <test-method is-config="true" signature="setUp(java.lang.String)[pri:0, instance:pagesTest.HomePageTest@43301423]" started-at="2024-09-19T13:41:01 EDT" name="setUp" finished-at="2024-09-19T13:41:01 EDT" duration-ms="0" status="SKIP">
          <reporter-output>
          </reporter-output>
        </test-method> <!-- setUp -->
        <test-method signature="clickUnlockTest()[pri:0, instance:pagesTest.HomePageTest@43301423]" started-at="2024-09-19T13:41:01 EDT" name="clickUnlockTest" finished-at="2024-09-19T13:41:01 EDT" duration-ms="0" status="SKIP">
          <exception class="java.lang.NullPointerException">
            <message>
              <![CDATA[Cannot invoke "com.aventstack.extentreports.ExtentReports.createTest(String)" because "extentReports" is null]]>
            </message>
            <full-stacktrace>
              <![CDATA[java.lang.NullPointerException: Cannot invoke "com.aventstack.extentreports.ExtentReports.createTest(String)" because "extentReports" is null
at reports.TestManager.createTest(TestManager.java:14)
at baseUtil.BaseClass.initialTest(BaseClass.java:50)
at java.base/jdk.internal.reflect.DirectMethodHandleAccessor.invoke(DirectMethodHandleAccessor.java:103)
at java.base/java.lang.reflect.Method.invoke(Method.java:580)
at org.testng.internal.invokers.MethodInvocationHelper.invokeMethod(MethodInvocationHelper.java:141)
at org.testng.internal.invokers.MethodInvocationHelper.invokeMethodConsideringTimeout(MethodInvocationHelper.java:71)
at org.testng.internal.invokers.ConfigInvoker.invokeConfigurationMethod(ConfigInvoker.java:400)
at org.testng.internal.invokers.ConfigInvoker.invokeConfigurations(ConfigInvoker.java:333)
at org.testng.internal.invokers.TestInvoker.runConfigMethods(TestInvoker.java:833)
at org.testng.internal.invokers.TestInvoker.invokeMethod(TestInvoker.java:600)
at org.testng.internal.invokers.TestInvoker.invokeTestMethod(TestInvoker.java:230)
at org.testng.internal.invokers.MethodRunner.runInSequence(MethodRunner.java:63)
at org.testng.internal.invokers.TestInvoker$MethodInvocationAgent.invoke(TestInvoker.java:992)
at org.testng.internal.invokers.TestInvoker.invokeTestMethods(TestInvoker.java:203)
at org.testng.internal.invokers.TestMethodWorker.invokeTestMethods(TestMethodWorker.java:154)
at org.testng.internal.invokers.TestMethodWorker.run(TestMethodWorker.java:134)
at java.base/java.util.ArrayList.forEach(ArrayList.java:1597)
at org.testng.TestRunner.privateRun(TestRunner.java:739)
at org.testng.TestRunner.run(TestRunner.java:614)
at org.testng.SuiteRunner.runTest(SuiteRunner.java:421)
at org.testng.SuiteRunner.runSequentially(SuiteRunner.java:413)
at org.testng.SuiteRunner.privateRun(SuiteRunner.java:373)
at org.testng.SuiteRunner.run(SuiteRunner.java:312)
at org.testng.SuiteRunnerWorker.runSuite(SuiteRunnerWorker.java:52)
at org.testng.SuiteRunnerWorker.run(SuiteRunnerWorker.java:95)
at org.testng.TestNG.runSuitesSequentially(TestNG.java:1274)
at org.testng.TestNG.runSuitesLocally(TestNG.java:1208)
at org.testng.TestNG.runSuites(TestNG.java:1112)
at org.testng.TestNG.run(TestNG.java:1079)
at org.apache.maven.surefire.testng.TestNGExecutor.run(TestNGExecutor.java:155)
at org.apache.maven.surefire.testng.TestNGDirectoryTestSuite.executeMulti(TestNGDirectoryTestSuite.java:169)
at org.apache.maven.surefire.testng.TestNGDirectoryTestSuite.execute(TestNGDirectoryTestSuite.java:88)
at org.apache.maven.surefire.testng.TestNGProvider.invoke(TestNGProvider.java:137)
at org.apache.maven.surefire.booter.ForkedBooter.runSuitesInProcess(ForkedBooter.java:385)
at org.apache.maven.surefire.booter.ForkedBooter.execute(ForkedBooter.java:162)
at org.apache.maven.surefire.booter.ForkedBooter.run(ForkedBooter.java:507)
at org.apache.maven.surefire.booter.ForkedBooter.main(ForkedBooter.java:495)
]]>
            </full-stacktrace>
          </exception> <!-- java.lang.NullPointerException -->
          <reporter-output>
          </reporter-output>
        </test-method> <!-- clickUnlockTest -->
        <test-method is-config="true" signature="afterEachTest(java.lang.reflect.Method,org.testng.ITestResult)[pri:0, instance:pagesTest.HomePageTest@43301423]" started-at="2024-09-19T13:41:01 EDT" name="afterEachTest" finished-at="2024-09-19T13:41:01 EDT" duration-ms="0" status="SKIP">
          <reporter-output>
          </reporter-output>
        </test-method> <!-- afterEachTest -->
        <test-method is-config="true" signature="tearUp()[pri:0, instance:pagesTest.HomePageTest@43301423]" started-at="2024-09-19T13:41:01 EDT" name="tearUp" finished-at="2024-09-19T13:41:01 EDT" duration-ms="0" status="SKIP">
          <reporter-output>
          </reporter-output>
        </test-method> <!-- tearUp -->
        <test-method is-config="true" signature="initialTest(java.lang.reflect.Method)[pri:0, instance:pagesTest.HomePageTest@43301423]" started-at="2024-09-19T13:41:01 EDT" name="initialTest" finished-at="2024-09-19T13:41:01 EDT" duration-ms="0" status="SKIP">
          <reporter-output>
          </reporter-output>
        </test-method> <!-- initialTest -->
        <test-method signature="clickUserIdTest()[pri:0, instance:pagesTest.HomePageTest@43301423]" started-at="2024-09-19T13:41:01 EDT" name="clickUserIdTest" finished-at="2024-09-19T13:41:01 EDT" duration-ms="0" status="SKIP">
          <exception class="java.lang.NullPointerException">
            <message>
              <![CDATA[Cannot invoke "com.aventstack.extentreports.ExtentReports.createTest(String)" because "extentReports" is null]]>
            </message>
            <full-stacktrace>
              <![CDATA[java.lang.NullPointerException: Cannot invoke "com.aventstack.extentreports.ExtentReports.createTest(String)" because "extentReports" is null
at reports.TestManager.createTest(TestManager.java:14)
at baseUtil.BaseClass.initialTest(BaseClass.java:50)
at java.base/jdk.internal.reflect.DirectMethodHandleAccessor.invoke(DirectMethodHandleAccessor.java:103)
at java.base/java.lang.reflect.Method.invoke(Method.java:580)
at org.testng.internal.invokers.MethodInvocationHelper.invokeMethod(MethodInvocationHelper.java:141)
at org.testng.internal.invokers.MethodInvocationHelper.invokeMethodConsideringTimeout(MethodInvocationHelper.java:71)
at org.testng.internal.invokers.ConfigInvoker.invokeConfigurationMethod(ConfigInvoker.java:400)
at org.testng.internal.invokers.ConfigInvoker.invokeConfigurations(ConfigInvoker.java:333)
at org.testng.internal.invokers.TestInvoker.runConfigMethods(TestInvoker.java:833)
at org.testng.internal.invokers.TestInvoker.invokeMethod(TestInvoker.java:600)
at org.testng.internal.invokers.TestInvoker.invokeTestMethod(TestInvoker.java:230)
at org.testng.internal.invokers.MethodRunner.runInSequence(MethodRunner.java:63)
at org.testng.internal.invokers.TestInvoker$MethodInvocationAgent.invoke(TestInvoker.java:992)
at org.testng.internal.invokers.TestInvoker.invokeTestMethods(TestInvoker.java:203)
at org.testng.internal.invokers.TestMethodWorker.invokeTestMethods(TestMethodWorker.java:154)
at org.testng.internal.invokers.TestMethodWorker.run(TestMethodWorker.java:134)
at java.base/java.util.ArrayList.forEach(ArrayList.java:1597)
at org.testng.TestRunner.privateRun(TestRunner.java:739)
at org.testng.TestRunner.run(TestRunner.java:614)
at org.testng.SuiteRunner.runTest(SuiteRunner.java:421)
at org.testng.SuiteRunner.runSequentially(SuiteRunner.java:413)
at org.testng.SuiteRunner.privateRun(SuiteRunner.java:373)
at org.testng.SuiteRunner.run(SuiteRunner.java:312)
at org.testng.SuiteRunnerWorker.runSuite(SuiteRunnerWorker.java:52)
at org.testng.SuiteRunnerWorker.run(SuiteRunnerWorker.java:95)
at org.testng.TestNG.runSuitesSequentially(TestNG.java:1274)
at org.testng.TestNG.runSuitesLocally(TestNG.java:1208)
at org.testng.TestNG.runSuites(TestNG.java:1112)
at org.testng.TestNG.run(TestNG.java:1079)
at org.apache.maven.surefire.testng.TestNGExecutor.run(TestNGExecutor.java:155)
at org.apache.maven.surefire.testng.TestNGDirectoryTestSuite.executeMulti(TestNGDirectoryTestSuite.java:169)
at org.apache.maven.surefire.testng.TestNGDirectoryTestSuite.execute(TestNGDirectoryTestSuite.java:88)
at org.apache.maven.surefire.testng.TestNGProvider.invoke(TestNGProvider.java:137)
at org.apache.maven.surefire.booter.ForkedBooter.runSuitesInProcess(ForkedBooter.java:385)
at org.apache.maven.surefire.booter.ForkedBooter.execute(ForkedBooter.java:162)
at org.apache.maven.surefire.booter.ForkedBooter.run(ForkedBooter.java:507)
at org.apache.maven.surefire.booter.ForkedBooter.main(ForkedBooter.java:495)
]]>
            </full-stacktrace>
          </exception> <!-- java.lang.NullPointerException -->
          <reporter-output>
          </reporter-output>
        </test-method> <!-- clickUserIdTest -->
        <test-method is-config="true" signature="setUp(java.lang.String)[pri:0, instance:pagesTest.HomePageTest@43301423]" started-at="2024-09-19T13:41:01 EDT" name="setUp" finished-at="2024-09-19T13:41:01 EDT" duration-ms="0" status="SKIP">
          <reporter-output>
          </reporter-output>
        </test-method> <!-- setUp -->
        <test-method is-config="true" signature="afterEachTest(java.lang.reflect.Method,org.testng.ITestResult)[pri:0, instance:pagesTest.HomePageTest@43301423]" started-at="2024-09-19T13:41:01 EDT" name="afterEachTest" finished-at="2024-09-19T13:41:01 EDT" duration-ms="0" status="SKIP">
          <reporter-output>
          </reporter-output>
        </test-method> <!-- afterEachTest -->
        <test-method is-config="true" signature="tearUp()[pri:0, instance:pagesTest.HomePageTest@43301423]" started-at="2024-09-19T13:41:01 EDT" name="tearUp" finished-at="2024-09-19T13:41:01 EDT" duration-ms="0" status="SKIP">
          <reporter-output>
          </reporter-output>
        </test-method> <!-- tearUp -->
        <test-method is-config="true" signature="initialTest(java.lang.reflect.Method)[pri:0, instance:pagesTest.HomePageTest@43301423]" started-at="2024-09-19T13:41:01 EDT" name="initialTest" finished-at="2024-09-19T13:41:01 EDT" duration-ms="0" status="SKIP">
          <reporter-output>
          </reporter-output>
        </test-method> <!-- initialTest -->
        <test-method signature="getMethodsOfThePageTest()[pri:0, instance:pagesTest.HomePageTest@43301423]" started-at="2024-09-19T13:41:01 EDT" name="getMethodsOfThePageTest" finished-at="2024-09-19T13:41:01 EDT" duration-ms="0" status="SKIP">
          <exception class="java.lang.NullPointerException">
            <message>
              <![CDATA[Cannot invoke "com.aventstack.extentreports.ExtentReports.createTest(String)" because "extentReports" is null]]>
            </message>
            <full-stacktrace>
              <![CDATA[java.lang.NullPointerException: Cannot invoke "com.aventstack.extentreports.ExtentReports.createTest(String)" because "extentReports" is null
at reports.TestManager.createTest(TestManager.java:14)
at baseUtil.BaseClass.initialTest(BaseClass.java:50)
at java.base/jdk.internal.reflect.DirectMethodHandleAccessor.invoke(DirectMethodHandleAccessor.java:103)
[...]
at reports.TestManager.createTest(TestManager.java:14)
at baseUtil.BaseClass.initialTest(BaseClass.java:50)
at java.base/jdk.internal.reflect.DirectMethodHandleAccessor.invoke(DirectMethodHandleAccessor.java:103)
at java.base/java.lang.reflect.Method.invoke(Method.java:580)
at org.testng.internal.invokers.MethodInvocationHelper.invokeMethod(MethodInvocationHelper.java:141)
at org.testng.internal.invokers.MethodInvocationHelper.invokeMethodConsideringTimeout(MethodInvocationHelper.java:71)
at org.testng.internal.invokers.ConfigInvoker.invokeConfigurationMethod(ConfigInvoker.java:400)
at org.testng.internal.invokers.ConfigInvoker.invokeConfigurations(ConfigInvoker.java:333)
at org.testng.internal.invokers.TestInvoker.runConfigMethods(TestInvoker.java:833)
at org.testng.internal.invokers.TestInvoker.invokeMethod(TestInvoker.java:600)
at org.testng.internal.invokers.TestInvoker.invokeTestMethod(TestInvoker.java:230)
at org.testng.internal.invokers.MethodRunner.runInSequence(MethodRunner.java:63)
at org.testng.internal.invokers.TestInvoker$MethodInvocationAgent.invoke(TestInvoker.java:992)
at org.testng.internal.invokers.TestInvoker.invokeTestMethods(TestInvoker.java:203)
at org.testng.internal.invokers.TestMethodWorker.invokeTestMethods(TestMethodWorker.java:154)
at org.testng.internal.invokers.TestMethodWorker.run(TestMethodWorker.java:134)
at java.base/java.util.ArrayList.forEach(ArrayList.java:1597)
at org.testng.TestRunner.privateRun(TestRunner.java:739)
at org.testng.TestRunner.run(TestRunner.java:614)
at org.testng.SuiteRunner.runTest(SuiteRunner.java:421)
at org.testng.SuiteRunner.runSequentially(SuiteRunner.java:413)
at org.testng.SuiteRunner.privateRun(SuiteRunner.java:373)
at org.testng.SuiteRunner.run(SuiteRunner.java:312)
at org.testng.SuiteRunnerWorker.runSuite(SuiteRunnerWorker.java:52)
at org.testng.SuiteRunnerWorker.run(SuiteRunnerWorker.java:95)
at org.testng.TestNG.runSuitesSequentially(TestNG.java:1274)
at org.testng.TestNG.runSuitesLocally(TestNG.java:1208)
at org.testng.TestNG.runSuites(TestNG.java:1112)
at org.testng.TestNG.run(TestNG.java:1079)
at org.apache.maven.surefire.testng.TestNGExecutor.run(TestNGExecutor.java:155)
at org.apache.maven.surefire.testng.TestNGDirectoryTestSuite.executeMulti(TestNGDirectoryTestSuite.java:169)
at org.apache.maven.surefire.testng.TestNGDirectoryTestSuite.execute(TestNGDirectoryTestSuite.java:88)
at org.apache.maven.surefire.testng.TestNGProvider.invoke(TestNGProvider.java:137)
at org.apache.maven.surefire.booter.ForkedBooter.runSuitesInProcess(ForkedBooter.java:385)
at org.apache.maven.surefire.booter.ForkedBooter.execute(ForkedBooter.java:162)
at org.apache.maven.surefire.booter.ForkedBooter.run(ForkedBooter.java:507)
at org.apache.maven.surefire.booter.ForkedBooter.main(ForkedBooter.java:495)
]]>
            </full-stacktrace>
          </exception> <!-- java.lang.NullPointerException -->
          <reporter-output>
          </reporter-output>
        </test-method> <!-- why_we_use_cssSelector_as_locator_in_logo_test -->
        <test-method is-config="true" signature="setUp(java.lang.String)[pri:0, instance:pagesTest.HomePageTest@43301423]" started-at="2024-09-19T13:41:01 EDT" name="setUp" finished-at="2024-09-19T13:41:01 EDT" duration-ms="0" status="SKIP">
          <reporter-output>
          </reporter-output>
        </test-method> <!-- setUp -->
        <test-method is-config="true" signature="initialTest(java.lang.reflect.Method)[pri:0, instance:pagesTest.HomePageTest@43301423]" started-at="2024-09-19T13:41:01 EDT" name="initialTest" finished-at="2024-09-19T13:41:01 EDT" duration-ms="0" status="SKIP">
          <reporter-output>
          </reporter-output>
        </test-method> <!-- initialTest -->
        <test-method is-config="true" signature="tearUp()[pri:0, instance:pagesTest.HomePageTest@43301423]" started-at="2024-09-19T13:41:01 EDT" name="tearUp" finished-at="2024-09-19T13:41:01 EDT" duration-ms="0" status="SKIP">
          <reporter-output>
          </reporter-output>
        </test-method> <!-- tearUp -->
        <test-method is-config="true" signature="afterEachTest(java.lang.reflect.Method,org.testng.ITestResult)[pri:0, instance:pagesTest.HomePageTest@43301423]" started-at="2024-09-19T13:41:01 EDT" name="afterEachTest" finished-at="2024-09-19T13:41:01 EDT" duration-ms="0" status="SKIP">
          <reporter-output>
          </reporter-output>
        </test-method> <!-- afterEachTest -->
        <test-method is-config="true" signature="initialTest(java.lang.reflect.Method)[pri:0, instance:pagesTest.HomePageTest@43301423]" started-at="2024-09-19T13:41:01 EDT" name="initialTest" finished-at="2024-09-19T13:41:01 EDT" duration-ms="0" status="SKIP">
          <reporter-output>
          </reporter-output>
        </test-method> <!-- initialTest -->
        <test-method is-config="true" signature="setUp(java.lang.String)[pri:0, instance:pagesTest.HomePageTest@43301423]" started-at="2024-09-19T13:41:01 EDT" name="setUp" finished-at="2024-09-19T13:41:01 EDT" duration-ms="0" status="SKIP">
          <reporter-output>
          </reporter-output>
        </test-method> <!-- setUp -->
        <test-method signature="clickLogoTest()[pri:1, instance:pagesTest.HomePageTest@43301423]" started-at="2024-09-19T13:41:01 EDT" name="clickLogoTest" finished-at="2024-09-19T13:41:01 EDT" duration-ms="0" status="SKIP">
          <exception class="java.lang.NullPointerException">
            <message>
              <![CDATA[Cannot invoke "com.aventstack.extentreports.ExtentReports.createTest(String)" because "extentReports" is null]]>
            </message>
            <full-stacktrace>
              <![CDATA[java.lang.NullPointerException: Cannot invoke "com.aventstack.extentreports.ExtentReports.createTest(String)" because "extentReports" is null
at reports.TestManager.createTest(TestManager.java:14)
at baseUtil.BaseClass.initialTest(BaseClass.java:50)
at java.base/jdk.internal.reflect.DirectMethodHandleAccessor.invoke(DirectMethodHandleAccessor.java:103)
at java.base/java.lang.reflect.Method.invoke(Method.java:580)
at org.testng.internal.invokers.MethodInvocationHelper.invokeMethod(MethodInvocationHelper.java:141)
at org.testng.internal.invokers.MethodInvocationHelper.invokeMethodConsideringTimeout(MethodInvocationHelper.java:71)
at org.testng.internal.invokers.ConfigInvoker.invokeConfigurationMethod(ConfigInvoker.java:400)
at org.testng.internal.invokers.ConfigInvoker.invokeConfigurations(ConfigInvoker.java:333)
at org.testng.internal.invokers.TestInvoker.runConfigMethods(TestInvoker.java:833)
at org.testng.internal.invokers.TestInvoker.invokeMethod(TestInvoker.java:600)
at org.testng.internal.invokers.TestInvoker.invokeTestMethod(TestInvoker.java:230)
at org.testng.internal.invokers.MethodRunner.runInSequence(MethodRunner.java:63)
at org.testng.internal.invokers.TestInvoker$MethodInvocationAgent.invoke(TestInvoker.java:992)
at org.testng.internal.invokers.TestInvoker.invokeTestMethods(TestInvoker.java:203)
at org.testng.internal.invokers.TestMethodWorker.invokeTestMethods(TestMethodWorker.java:154)
at org.testng.internal.invokers.TestMethodWorker.run(TestMethodWorker.java:134)
at java.base/java.util.ArrayList.forEach(ArrayList.java:1597)
at org.testng.TestRunner.privateRun(TestRunner.java:739)
at org.testng.TestRunner.run(TestRunner.java:614)
at org.testng.SuiteRunner.runTest(SuiteRunner.java:421)
at org.testng.SuiteRunner.runSequentially(SuiteRunner.java:413)
at org.testng.SuiteRunner.privateRun(SuiteRunner.java:373)
at org.testng.SuiteRunner.run(SuiteRunner.java:312)
at org.testng.SuiteRunnerWorker.runSuite(SuiteRunnerWorker.java:52)
at org.testng.SuiteRunnerWorker.run(SuiteRunnerWorker.java:95)
at org.testng.TestNG.runSuitesSequentially(TestNG.java:1274)
at org.testng.TestNG.runSuitesLocally(TestNG.java:1208)
at org.testng.TestNG.runSuites(TestNG.java:1112)
at org.testng.TestNG.run(TestNG.java:1079)
at org.apache.maven.surefire.testng.TestNGExecutor.run(TestNGExecutor.java:155)
at org.apache.maven.surefire.testng.TestNGDirectoryTestSuite.executeMulti(TestNGDirectoryTestSuite.java:169)
at org.apache.maven.surefire.testng.TestNGDirectoryTestSuite.execute(TestNGDirectoryTestSuite.java:88)
at org.apache.maven.surefire.testng.TestNGProvider.invoke(TestNGProvider.java:137)
at org.apache.maven.surefire.booter.ForkedBooter.runSuitesInProcess(ForkedBooter.java:385)
at org.apache.maven.surefire.booter.ForkedBooter.execute(ForkedBooter.java:162)
at org.apache.maven.surefire.booter.ForkedBooter.run(ForkedBooter.java:507)
at org.apache.maven.surefire.booter.ForkedBooter.main(ForkedBooter.java:495)
]]>
            </full-stacktrace>
          </exception> <!-- java.lang.NullPointerException -->
          <reporter-output>
          </reporter-output>
        </test-method> <!-- clickLogoTest -->
        <test-method is-config="true" signature="afterEachTest(java.lang.reflect.Method,org.testng.ITestResult)[pri:0, instance:pagesTest.HomePageTest@43301423]" started-at="2024-09-19T13:41:01 EDT" name="afterEachTest" finished-at="2024-09-19T13:41:01 EDT" duration-ms="0" status="SKIP">
          <reporter-output>
          </reporter-output>
        </test-method> <!-- afterEachTest -->
        <test-method is-config="true" signature="tearUp()[pri:0, instance:pagesTest.HomePageTest@43301423]" started-at="2024-09-19T13:41:01 EDT" name="tearUp" finished-at="2024-09-19T13:41:01 EDT" duration-ms="0" status="SKIP">
          <reporter-output>
          </reporter-output>
        </test-method> <!-- tearUp -->
        <test-method is-config="true" signature="initialTest(java.lang.reflect.Method)[pri:0, instance:pagesTest.HomePageTest@43301423]" started-at="2024-09-19T13:41:01 EDT" name="initialTest" finished-at="2024-09-19T13:41:01 EDT" duration-ms="0" status="SKIP">
          <reporter-output>
          </reporter-output>
        </test-method> <!-- initialTest -->
        <test-method is-config="true" signature="setUp(java.lang.String)[pri:0, instance:pagesTest.HomePageTest@43301423]" started-at="2024-09-19T13:41:01 EDT" name="setUp" finished-at="2024-09-19T13:41:01 EDT" duration-ms="0" status="SKIP">
          <reporter-output>
          </reporter-output>
        </test-method> <!-- setUp -->
        <test-method signature="clickLoginButtonTest()[pri:2, instance:pagesTest.HomePageTest@43301423]" started-at="2024-09-19T13:41:01 EDT" name="clickLoginButtonTest" finished-at="2024-09-19T13:41:01 EDT" duration-ms="0" status="SKIP">
          <exception class="java.lang.NullPointerException">
            <message>
              <![CDATA[Cannot invoke "com.aventstack.extentreports.ExtentReports.createTest(String)" because "extentReports" is null]]>
            </message>
            <full-stacktrace>
              <![CDATA[java.lang.NullPointerException: Cannot invoke "com.aventstack.extentreports.ExtentReports.createTest(String)" because "extentReports" is null
at reports.TestManager.createTest(TestManager.java:14)
at baseUtil.BaseClass.initialTest(BaseClass.java:50)
at java.base/jdk.internal.reflect.DirectMethodHandleAccessor.invoke(DirectMethodHandleAccessor.java:103)
at java.base/java.lang.reflect.Method.invoke(Method.java:580)
at org.testng.internal.invokers.MethodInvocationHelper.invokeMethod(MethodInvocationHelper.java:141)
at org.testng.internal.invokers.MethodInvocationHelper.invokeMethodConsideringTimeout(MethodInvocationHelper.java:71)
at org.testng.internal.invokers.ConfigInvoker.invokeConfigurationMethod(ConfigInvoker.java:400)
at org.testng.internal.invokers.ConfigInvoker.invokeConfigurations(ConfigInvoker.java:333)
at org.testng.internal.invokers.TestInvoker.runConfigMethods(TestInvoker.java:833)
at org.testng.internal.invokers.TestInvoker.invokeMethod(TestInvoker.java:600)
at org.testng.internal.invokers.TestInvoker.invokeTestMethod(TestInvoker.java:230)
at org.testng.internal.invokers.MethodRunner.runInSequence(MethodRunner.java:63)
at org.testng.internal.invokers.TestInvoker$MethodInvocationAgent.invoke(TestInvoker.java:992)
at org.testng.internal.invokers.TestInvoker.invokeTestMethods(TestInvoker.java:203)
at org.testng.internal.invokers.TestMethodWorker.invokeTestMethods(TestMethodWorker.java:154)
at org.testng.internal.invokers.TestMethodWorker.run(TestMethodWorker.java:134)
at java.base/java.util.ArrayList.forEach(ArrayList.java:1597)
at org.testng.TestRunner.privateRun(TestRunner.java:739)
at org.testng.TestRunner.run(TestRunner.java:614)
at org.testng.SuiteRunner.runTest(SuiteRunner.java:421)
at org.testng.SuiteRunner.runSequentially(SuiteRunner.java:413)
at org.testng.SuiteRunner.privateRun(SuiteRunner.java:373)
at org.testng.SuiteRunner.run(SuiteRunner.java:312)
at org.testng.SuiteRunnerWorker.runSuite(SuiteRunnerWorker.java:52)
at org.testng.SuiteRunnerWorker.run(SuiteRunnerWorker.java:95)
at org.testng.TestNG.runSuitesSequentially(TestNG.java:1274)
at org.testng.TestNG.runSuitesLocally(TestNG.java:1208)
at org.testng.TestNG.runSuites(TestNG.java:1112)
at org.testng.TestNG.run(TestNG.java:1079)
at org.apache.maven.surefire.testng.TestNGExecutor.run(TestNGExecutor.java:155)
at org.apache.maven.surefire.testng.TestNGDirectoryTestSuite.executeMulti(TestNGDirectoryTestSuite.java:169)
at org.apache.maven.surefire.testng.TestNGDirectoryTestSuite.execute(TestNGDirectoryTestSuite.java:88)
at org.apache.maven.surefire.testng.TestNGProvider.invoke(TestNGProvider.java:137)
at org.apache.maven.surefire.booter.ForkedBooter.runSuitesInProcess(ForkedBooter.java:385)
at org.apache.maven.surefire.booter.ForkedBooter.execute(ForkedBooter.java:162)
at org.apache.maven.surefire.booter.ForkedBooter.run(ForkedBooter.java:507)
at org.apache.maven.surefire.booter.ForkedBooter.main(ForkedBooter.java:495)
]]>
            </full-stacktrace>
          </exception> <!-- java.lang.NullPointerException -->
          <reporter-output>
          </reporter-output>
        </test-method> <!-- clickLoginButtonTest -->
        <test-method is-config="true" signature="afterEachTest(java.lang.reflect.Method,org.testng.ITestResult)[pri:0, instance:pagesTest.HomePageTest@43301423]" started-at="2024-09-19T13:41:01 EDT" name="afterEachTest" finished-at="2024-09-19T13:41:01 EDT" duration-ms="0" status="SKIP">
          <reporter-output>
          </reporter-output>
        </test-method> <!-- afterEachTest -->
        <test-method is-config="true" signature="tearUp()[pri:0, instance:pagesTest.HomePageTest@43301423]" started-at="2024-09-19T13:41:01 EDT" name="tearUp" finished-at="2024-09-19T13:41:01 EDT" duration-ms="0" status="SKIP">
          <reporter-output>
          </reporter-output>
        </test-method> <!-- tearUp -->
        <test-method is-config="true" signature="initialTest(java.lang.reflect.Method)[pri:0, instance:pagesTest.HomePageTest@43301423]" started-at="2024-09-19T13:41:01 EDT" name="initialTest" finished-at="2024-09-19T13:41:01 EDT" duration-ms="0" status="SKIP">
          <reporter-output>
          </reporter-output>
        </test-method> <!-- initialTest -->
        <test-method signature="use_of_clear_in_login_test()[pri:3, instance:pagesTest.HomePageTest@43301423]" started-at="2024-09-19T13:41:01 EDT" name="use_of_clear_in_login_test" finished-at="2024-09-19T13:41:01 EDT" duration-ms="0" status="SKIP">
          <exception class="java.lang.NullPointerException">
            <message>
              <![CDATA[Cannot invoke "com.aventstack.extentreports.ExtentReports.createTest(String)" because "extentReports" is null]]>
            </message>
            <full-stacktrace>
              <![CDATA[java.lang.NullPointerException: Cannot invoke "com.aventstack.extentreports.ExtentReports.createTest(String)" because "extentReports" is null
at reports.TestManager.createTest(TestManager.java:14)
at baseUtil.BaseClass.initialTest(BaseClass.java:50)
at java.base/jdk.internal.reflect.DirectMethodHandleAccessor.invoke(DirectMethodHandleAccessor.java:103)
at java.base/java.lang.reflect.Method.invoke(Method.java:580)
at org.testng.internal.invokers.MethodInvocationHelper.invokeMethod(MethodInvocationHelper.java:141)
at org.testng.internal.invokers.MethodInvocationHelper.invokeMethodConsideringTimeout(MethodInvocationHelper.java:71)
at org.testng.internal.invokers.ConfigInvoker.invokeConfigurationMethod(ConfigInvoker.java:400)
at org.testng.internal.invokers.ConfigInvoker.invokeConfigurations(ConfigInvoker.java:333)
at org.testng.internal.invokers.TestInvoker.runConfigMethods(TestInvoker.java:833)
at org.testng.internal.invokers.TestInvoker.invokeMethod(TestInvoker.java:600)
at org.testng.internal.invokers.TestInvoker.invokeTestMethod(TestInvoker.java:230)
at org.testng.internal.invokers.MethodRunner.runInSequence(MethodRunner.java:63)
at org.testng.internal.invokers.TestInvoker$MethodInvocationAgent.invoke(TestInvoker.java:992)
at org.testng.internal.invokers.TestInvoker.invokeTestMethods(TestInvoker.java:203)
at org.testng.internal.invokers.TestMethodWorker.invokeTestMethods(TestMethodWorker.java:154)
at org.testng.internal.invokers.TestMethodWorker.run(TestMethodWorker.java:134)
at java.base/java.util.ArrayList.forEach(ArrayList.java:1597)
at org.testng.TestRunner.privateRun(TestRunner.java:739)
at org.testng.TestRunner.run(TestRunner.java:614)
at org.testng.SuiteRunner.runTest(SuiteRunner.java:421)
at org.testng.SuiteRunner.runSequentially(SuiteRunner.java:413)
at org.testng.SuiteRunner.privateRun(SuiteRunner.java:373)
at org.testng.SuiteRunner.run(SuiteRunner.java:312)
at org.testng.SuiteRunnerWorker.runSuite(SuiteRunnerWorker.java:52)
at org.testng.SuiteRunnerWorker.run(SuiteRunnerWorker.java:95)
at org.testng.TestNG.runSuitesSequentially(TestNG.java:1274)
at org.testng.TestNG.runSuitesLocally(TestNG.java:1208)
at org.testng.TestNG.runSuites(TestNG.java:1112)
at org.testng.TestNG.run(TestNG.java:1079)
at org.apache.maven.surefire.testng.TestNGExecutor.run(TestNGExecutor.java:155)
at org.apache.maven.surefire.testng.TestNGDirectoryTestSuite.executeMulti(TestNGDirectoryTestSuite.java:169)
at org.apache.maven.surefire.testng.TestNGDirectoryTestSuite.execute(TestNGDirectoryTestSuite.java:88)
at org.apache.maven.surefire.testng.TestNGProvider.invoke(TestNGProvider.java:137)
at org.apache.maven.surefire.booter.ForkedBooter.runSuitesInProcess(ForkedBooter.java:385)
at org.apache.maven.surefire.booter.ForkedBooter.execute(ForkedBooter.java:162)
at org.apache.maven.surefire.booter.ForkedBooter.run(ForkedBooter.java:507)
at org.apache.maven.surefire.booter.ForkedBooter.main(ForkedBooter.java:495)
]]>
            </full-stacktrace>
          </exception> <!-- java.lang.NullPointerException -->
          <reporter-output>
          </reporter-output>
        </test-method> <!-- use_of_clear_in_login_test -->
        <test-method is-config="true" signature="setUp(java.lang.String)[pri:0, instance:pagesTest.HomePageTest@43301423]" started-at="2024-09-19T13:41:01 EDT" name="setUp" finished-at="2024-09-19T13:41:01 EDT" duration-ms="0" status="SKIP">
          <reporter-output>
          </reporter-output>
        </test-method> <!-- setUp -->
        <test-method is-config="true" signature="afterEachTest(java.lang.reflect.Method,org.testng.ITestResult)[pri:0, instance:pagesTest.HomePageTest@43301423]" started-at="2024-09-19T13:41:01 EDT" name="afterEachTest" finished-at="2024-09-19T13:41:01 EDT" duration-ms="0" status="SKIP">
          <reporter-output>
          </reporter-output>
        </test-method> <!-- afterEachTest -->
        <test-method is-config="true" signature="tearUp()[pri:0, instance:pagesTest.HomePageTest@43301423]" started-at="2024-09-19T13:41:01 EDT" name="tearUp" finished-at="2024-09-19T13:41:01 EDT" duration-ms="0" status="SKIP">
          <reporter-output>
          </reporter-output>
        </test-method> <!-- tearUp -->
      </class> <!-- pagesTest.HomePageTest -->
    </test> <!-- Surefire test -->
  </suite> <!-- Surefire suite -->
</testng-results>
