<?xml version="1.0" encoding="UTF-8"?>
<testng-results ignored="0" total="1" passed="1" failed="0" skipped="0">
  <reporter-output>
    <line>
      <![CDATA[Sleeping ... zZz 4000<br>]]>
    </line>
    <line>
      <![CDATA[[[ChromeDriver: chrome on mac (7215e784d343a3a4388f76335b8b899f)] -> id: cms-forgot-userid]<---------> is Displayed, true<br>]]>
    </line>
    <line>
      <![CDATA[[[ChromeDriver: chrome on mac (7215e784d343a3a4388f76335b8b899f)] -> id: cms-forgot-userid]<-------> has been clicked<br>]]>
    </line>
    <line>
      <![CDATA[Sleeping ... zZz 4000<br>]]>
    </line>
    <line>
      <![CDATA[Actual Title is : CMS Enterprise Portal - Forgot User ID ---> And Expected Title is :CMS Enterprise Portal - Forgot User ID<br>]]>
    </line>
    <line>
      <![CDATA[Current URL : https://portal.cms.gov/portal/forgotuserid, Expected URL : https://portal.cms.gov/portal/forgotuserid<br>]]>
    </line>
  </reporter-output>
  <suite started-at="2024-09-16T18:22:58 EDT" name="Default suite" finished-at="2024-09-16T18:23:14 EDT" duration-ms="16086">
    <groups>
    </groups>
    <test started-at="2024-09-16T18:22:58 EDT" name="Default test" finished-at="2024-09-16T18:23:14 EDT" duration-ms="16086">
      <class name="pagesTest.ForgotUserIdTest">
        <test-method is-config="true" signature="initialReporting()[pri:0, instance:pagesTest.ForgotUserIdTest@35dab4eb]" started-at="2024-09-16T18:22:57 EDT" name="initialReporting" finished-at="2024-09-16T18:22:58 EDT" duration-ms="531" status="PASS">
          <reporter-output>
          </reporter-output>
        </test-method> <!-- initialReporting -->
        <test-method is-config="true" signature="initialTest(java.lang.reflect.Method)[pri:0, instance:pagesTest.ForgotUserIdTest@35dab4eb]" started-at="2024-09-16T18:22:58 EDT" name="initialTest" finished-at="2024-09-16T18:22:58 EDT" duration-ms="17" status="PASS">
          <params>
            <param index="0">
              <value>
                <![CDATA[public void pagesTest.ForgotUserIdTest.navigateToForgotUserIdPageTest()]]>
              </value>
            </param>
          </params>
          <reporter-output>
          </reporter-output>
        </test-method> <!-- initialTest -->
        <test-method is-config="true" signature="setUp(java.lang.String)[pri:0, instance:pagesTest.ForgotUserIdTest@35dab4eb]" started-at="2024-09-16T18:22:58 EDT" name="setUp" finished-at="2024-09-16T18:23:05 EDT" duration-ms="7327" status="PASS">
          <params>
            <param index="0">
              <value>
                <![CDATA[firefox]]>
              </value>
            </param>
          </params>
          <reporter-output>
          </reporter-output>
        </test-method> <!-- setUp -->
        <test-method signature="navigateToForgotUserIdPageTest()[pri:0, instance:pagesTest.ForgotUserIdTest@35dab4eb]" started-at="2024-09-16T18:23:05 EDT" name="navigateToForgotUserIdPageTest" finished-at="2024-09-16T18:23:13 EDT" duration-ms="8392" status="PASS">
          <reporter-output>
            <line>
              <![CDATA[Sleeping ... zZz 4000<br>]]>
            </line>
            <line>
              <![CDATA[[[ChromeDriver: chrome on mac (7215e784d343a3a4388f76335b8b899f)] -> id: cms-forgot-userid]<---------> is Displayed, true<br>]]>
            </line>
            <line>
              <![CDATA[[[ChromeDriver: chrome on mac (7215e784d343a3a4388f76335b8b899f)] -> id: cms-forgot-userid]<-------> has been clicked<br>]]>
            </line>
            <line>
              <![CDATA[Sleeping ... zZz 4000<br>]]>
            </line>
            <line>
              <![CDATA[Actual Title is : CMS Enterprise Portal - Forgot User ID ---> And Expected Title is :CMS Enterprise Portal - Forgot User ID<br>]]>
            </line>
            <line>
              <![CDATA[Current URL : https://portal.cms.gov/portal/forgotuserid, Expected URL : https://portal.cms.gov/portal/forgotuserid<br>]]>
            </line>
          </reporter-output>
        </test-method> <!-- navigateToForgotUserIdPageTest -->
        <test-method is-config="true" signature="afterEachTest(java.lang.reflect.Method,org.testng.ITestResult)[pri:0, instance:pagesTest.ForgotUserIdTest@35dab4eb]" started-at="2024-09-16T18:23:14 EDT" name="afterEachTest" finished-at="2024-09-16T18:23:14 EDT" duration-ms="17" status="PASS">
          <params>
            <param index="0">
              <value>
                <![CDATA[public void pagesTest.ForgotUserIdTest.navigateToForgotUserIdPageTest()]]>
              </value>
            </param>
            <param index="1">
              <value>
                <![CDATA[[TestResult name=navigateToForgotUserIdPageTest status=SUCCESS method=ForgotUserIdTest.navigateToForgotUserIdPageTest()[pri:0, instance:pagesTest.ForgotUserIdTest@35dab4eb] output=Sleeping ... zZz 4000<br>]]]>
              </value>
            </param>
          </params>
          <reporter-output>
          </reporter-output>
        </test-method> <!-- afterEachTest -->
        <test-method is-config="true" signature="tearUp()[pri:0, instance:pagesTest.ForgotUserIdTest@35dab4eb]" started-at="2024-09-16T18:23:14 EDT" name="tearUp" finished-at="2024-09-16T18:23:14 EDT" duration-ms="266" status="PASS">
          <reporter-output>
          </reporter-output>
        </test-method> <!-- tearUp -->
        <test-method is-config="true" signature="publishReport()[pri:0, instance:pagesTest.ForgotUserIdTest@35dab4eb]" started-at="2024-09-16T18:23:14 EDT" name="publishReport" finished-at="2024-09-16T18:23:15 EDT" duration-ms="942" status="PASS">
          <reporter-output>
          </reporter-output>
        </test-method> <!-- publishReport -->
      </class> <!-- pagesTest.ForgotUserIdTest -->
    </test> <!-- Default test -->
  </suite> <!-- Default suite -->
</testng-results>
